<?xml version="1.0" encoding="UTF-8" ?>
<testsuite failures="0" time="1.891" errors="0" skipped="0" tests="5" name="ValidatePDFTest">
  <properties>
    <property name="java.runtime.name" value="Java(TM) SE Runtime Environment"/>
    <property name="sun.boot.library.path" value="C:\Program Files\Java\jdk1.6.0_24\jre\bin"/>
    <property name="java.vm.version" value="19.1-b02"/>
    <property name="java.vm.vendor" value="Sun Microsystems Inc."/>
    <property name="java.vendor.url" value="http://java.sun.com/"/>
    <property name="path.separator" value=";"/>
    <property name="java.vm.name" value="Java HotSpot(TM) Client VM"/>
    <property name="file.encoding.pkg" value="sun.io"/>
    <property name="user.country" value="FR"/>
    <property name="sun.java.launcher" value="SUN_STANDARD"/>
    <property name="sun.os.patch.level" value="Service Pack 3"/>
    <property name="java.vm.specification.name" value="Java Virtual Machine Specification"/>
    <property name="user.dir" value="G:\rghurbhurn\eclipse_workspace\pdfa-validator"/>
    <property name="java.runtime.version" value="1.6.0_24-b07"/>
    <property name="java.awt.graphicsenv" value="sun.awt.Win32GraphicsEnvironment"/>
    <property name="basedir" value="G:\rghurbhurn\eclipse_workspace\pdfa-validator"/>
    <property name="java.endorsed.dirs" value="C:\Program Files\Java\jdk1.6.0_24\jre\lib\endorsed"/>
    <property name="os.arch" value="x86"/>
    <property name="surefire.real.class.path" value="C:\DOCUME~1\CER699~2\LOCALS~1\Temp\surefirebooter188598301667440697.jar"/>
    <property name="java.io.tmpdir" value="C:\DOCUME~1\CER699~2\LOCALS~1\Temp\"/>
    <property name="line.separator" value="
"/>
    <property name="java.vm.specification.vendor" value="Sun Microsystems Inc."/>
    <property name="user.variant" value=""/>
    <property name="os.name" value="Windows XP"/>
    <property name="sun.jnu.encoding" value="Cp1252"/>
    <property name="java.library.path" value="C:\Program Files\Java\jdk1.6.0_24\jre\bin;.;C:\WINDOWS\Sun\Java\bin;C:\WINDOWS\system32;C:\WINDOWS;C:\OpenMaster Agents\bin;C:\OpenMaster Agents\shared_lib;C:\OpenMaster Agents\shared_lib\KERBEROS;C:\OpenMaster Agents\AKL5034\bin;C:\WINDOWS\system32;C:\WINDOWS;C:\WINDOWS\System32\Wbem;c:\notes\prog;C:\SpringSource\apache-maven-2.2.1\bin;Z:\wsi-test-tools\java\bin;c:\fsum;C:\Program Files\Java\jdk1.6.0_24\bin;C:\Program Files\gs\gs9.06\bin;C:\Program Files\Microsoft\Web Platform Installer\;C:\Program Files\Subversion\bin;C:\Program Files\TortoiseSVN\bin;C:\OpenMaster Agents\bin;C:\OpenMaster Agents\shared_lib;C:\OpenMaster Agents\shared_lib\KERBEROS;C:\OpenMaster Agents\AKL5034\bin;C:\WINDOWS\system32;C:\WINDOWS;C:\WINDOWS\System32\Wbem;c:\notes\prog;C:\SpringSource\apache-maven-2.2.1\bin;Z:\wsi-test-tools\java\bin;c:\fsum;C:\Program Files\Java\jdk1.6.0_24\bin;C:\Program Files\gs\gs9.06\bin;C:\Program Files\Microsoft\Web Platform Installer\;C:\Program Files\Subversion\bin;C:\Program Files\TortoiseSVN\bin"/>
    <property name="surefire.test.class.path" value="G:\rghurbhurn\eclipse_workspace\pdfa-validator\target\test-classes;G:\rghurbhurn\eclipse_workspace\pdfa-validator\target\classes;C:\Documents and Settings\CER6990619\.m2\repository\junit\junit\4.8.2\junit-4.8.2.jar;C:\Documents and Settings\CER6990619\.m2\repository\fr\urssaf\image\commons\commons-pdfbox\0.0.1-SNAPSHOT\commons-pdfbox-0.0.1-SNAPSHOT.jar;C:\Documents and Settings\CER6990619\.m2\repository\org\slf4j\slf4j-api\1.6.1\slf4j-api-1.6.1.jar;C:\Documents and Settings\CER6990619\.m2\repository\ch\qos\logback\logback-classic\0.9.30\logback-classic-0.9.30.jar;C:\Documents and Settings\CER6990619\.m2\repository\ch\qos\logback\logback-core\0.9.30\logback-core-0.9.30.jar;C:\Documents and Settings\CER6990619\.m2\repository\org\apache\pdfbox\preflight\1.8.0-CRTL-2-SNAPSHOT\preflight-1.8.0-CRTL-2-SNAPSHOT.jar;C:\Documents and Settings\CER6990619\.m2\repository\commons-io\commons-io\2.4\commons-io-2.4.jar;C:\Documents and Settings\CER6990619\.m2\repository\org\apache\pdfbox\pdfbox\1.8.0-CRTL-2-SNAPSHOT\pdfbox-1.8.0-CRTL-2-SNAPSHOT.jar;C:\Documents and Settings\CER6990619\.m2\repository\org\apache\pdfbox\fontbox\1.8.0-CRTL-2-SNAPSHOT\fontbox-1.8.0-CRTL-2-SNAPSHOT.jar;C:\Documents and Settings\CER6990619\.m2\repository\commons-logging\commons-logging\1.1.1\commons-logging-1.1.1.jar;C:\Documents and Settings\CER6990619\.m2\repository\org\apache\pdfbox\jempbox\1.8.0-CRTL-2-SNAPSHOT\jempbox-1.8.0-CRTL-2-SNAPSHOT.jar;C:\Documents and Settings\CER6990619\.m2\repository\org\apache\pdfbox\xmpbox\1.8.0-CRTL-2-SNAPSHOT\xmpbox-1.8.0-CRTL-2-SNAPSHOT.jar;C:\Documents and Settings\CER6990619\.m2\repository\com\thoughtworks\xstream\xstream\1.4.2\xstream-1.4.2.jar;C:\Documents and Settings\CER6990619\.m2\repository\xmlpull\xmlpull\1.1.3.1\xmlpull-1.1.3.1.jar;C:\Documents and Settings\CER6990619\.m2\repository\xpp3\xpp3_min\1.1.4c\xpp3_min-1.1.4c.jar;C:\Documents and Settings\CER6990619\.m2\repository\javax\activation\activation\1.1\activation-1.1.jar;C:\Documents and Settings\CER6990619\.m2\repository\stax\stax\1.2.0\stax-1.2.0.jar;C:\Documents and Settings\CER6990619\.m2\repository\stax\stax-api\1.0.1\stax-api-1.0.1.jar;C:\Documents and Settings\CER6990619\.m2\repository\log4j\log4j\1.2.12\log4j-1.2.12.jar;C:\Documents and Settings\CER6990619\.m2\repository\bouncycastle\bcprov-jdk16\140\bcprov-jdk16-140.jar;C:\Documents and Settings\CER6990619\.m2\repository\org\apache\commons\commons-email\1.2\commons-email-1.2.jar;C:\Documents and Settings\CER6990619\.m2\repository\javax\mail\mail\1.4.1\mail-1.4.1.jar;C:\Documents and Settings\CER6990619\.m2\repository\commons-lang\commons-lang\2.4\commons-lang-2.4.jar;"/>
    <property name="java.specification.name" value="Java Platform API Specification"/>
    <property name="java.class.version" value="50.0"/>
    <property name="sun.management.compiler" value="HotSpot Client Compiler"/>
    <property name="os.version" value="5.1"/>
    <property name="user.home" value="C:\Documents and Settings\CER6990619"/>
    <property name="user.timezone" value="Europe/Paris"/>
    <property name="java.awt.printerjob" value="sun.awt.windows.WPrinterJob"/>
    <property name="java.specification.version" value="1.6"/>
    <property name="file.encoding" value="Cp1252"/>
    <property name="user.name" value="CER6990619"/>
    <property name="java.class.path" value="G:\rghurbhurn\eclipse_workspace\pdfa-validator\target\test-classes;G:\rghurbhurn\eclipse_workspace\pdfa-validator\target\classes;C:\Documents and Settings\CER6990619\.m2\repository\junit\junit\4.8.2\junit-4.8.2.jar;C:\Documents and Settings\CER6990619\.m2\repository\fr\urssaf\image\commons\commons-pdfbox\0.0.1-SNAPSHOT\commons-pdfbox-0.0.1-SNAPSHOT.jar;C:\Documents and Settings\CER6990619\.m2\repository\org\slf4j\slf4j-api\1.6.1\slf4j-api-1.6.1.jar;C:\Documents and Settings\CER6990619\.m2\repository\ch\qos\logback\logback-classic\0.9.30\logback-classic-0.9.30.jar;C:\Documents and Settings\CER6990619\.m2\repository\ch\qos\logback\logback-core\0.9.30\logback-core-0.9.30.jar;C:\Documents and Settings\CER6990619\.m2\repository\org\apache\pdfbox\preflight\1.8.0-CRTL-2-SNAPSHOT\preflight-1.8.0-CRTL-2-SNAPSHOT.jar;C:\Documents and Settings\CER6990619\.m2\repository\commons-io\commons-io\2.4\commons-io-2.4.jar;C:\Documents and Settings\CER6990619\.m2\repository\org\apache\pdfbox\pdfbox\1.8.0-CRTL-2-SNAPSHOT\pdfbox-1.8.0-CRTL-2-SNAPSHOT.jar;C:\Documents and Settings\CER6990619\.m2\repository\org\apache\pdfbox\fontbox\1.8.0-CRTL-2-SNAPSHOT\fontbox-1.8.0-CRTL-2-SNAPSHOT.jar;C:\Documents and Settings\CER6990619\.m2\repository\commons-logging\commons-logging\1.1.1\commons-logging-1.1.1.jar;C:\Documents and Settings\CER6990619\.m2\repository\org\apache\pdfbox\jempbox\1.8.0-CRTL-2-SNAPSHOT\jempbox-1.8.0-CRTL-2-SNAPSHOT.jar;C:\Documents and Settings\CER6990619\.m2\repository\org\apache\pdfbox\xmpbox\1.8.0-CRTL-2-SNAPSHOT\xmpbox-1.8.0-CRTL-2-SNAPSHOT.jar;C:\Documents and Settings\CER6990619\.m2\repository\com\thoughtworks\xstream\xstream\1.4.2\xstream-1.4.2.jar;C:\Documents and Settings\CER6990619\.m2\repository\xmlpull\xmlpull\1.1.3.1\xmlpull-1.1.3.1.jar;C:\Documents and Settings\CER6990619\.m2\repository\xpp3\xpp3_min\1.1.4c\xpp3_min-1.1.4c.jar;C:\Documents and Settings\CER6990619\.m2\repository\javax\activation\activation\1.1\activation-1.1.jar;C:\Documents and Settings\CER6990619\.m2\repository\stax\stax\1.2.0\stax-1.2.0.jar;C:\Documents and Settings\CER6990619\.m2\repository\stax\stax-api\1.0.1\stax-api-1.0.1.jar;C:\Documents and Settings\CER6990619\.m2\repository\log4j\log4j\1.2.12\log4j-1.2.12.jar;C:\Documents and Settings\CER6990619\.m2\repository\bouncycastle\bcprov-jdk16\140\bcprov-jdk16-140.jar;C:\Documents and Settings\CER6990619\.m2\repository\org\apache\commons\commons-email\1.2\commons-email-1.2.jar;C:\Documents and Settings\CER6990619\.m2\repository\javax\mail\mail\1.4.1\mail-1.4.1.jar;C:\Documents and Settings\CER6990619\.m2\repository\commons-lang\commons-lang\2.4\commons-lang-2.4.jar;"/>
    <property name="java.vm.specification.version" value="1.0"/>
    <property name="sun.arch.data.model" value="32"/>
    <property name="java.home" value="C:\Program Files\Java\jdk1.6.0_24\jre"/>
    <property name="java.specification.vendor" value="Sun Microsystems Inc."/>
    <property name="user.language" value="fr"/>
    <property name="awt.toolkit" value="sun.awt.windows.WToolkit"/>
    <property name="java.vm.info" value="mixed mode, sharing"/>
    <property name="java.version" value="1.6.0_24"/>
    <property name="java.ext.dirs" value="C:\Program Files\Java\jdk1.6.0_24\jre\lib\ext;C:\WINDOWS\Sun\Java\lib\ext"/>
    <property name="sun.boot.class.path" value="C:\Program Files\Java\jdk1.6.0_24\jre\lib\resources.jar;C:\Program Files\Java\jdk1.6.0_24\jre\lib\rt.jar;C:\Program Files\Java\jdk1.6.0_24\jre\lib\sunrsasign.jar;C:\Program Files\Java\jdk1.6.0_24\jre\lib\jsse.jar;C:\Program Files\Java\jdk1.6.0_24\jre\lib\jce.jar;C:\Program Files\Java\jdk1.6.0_24\jre\lib\charsets.jar;C:\Program Files\Java\jdk1.6.0_24\jre\lib\modules\jdk.boot.jar;C:\Program Files\Java\jdk1.6.0_24\jre\classes"/>
    <property name="java.vendor" value="Sun Microsystems Inc."/>
    <property name="localRepository" value="C:\Documents and Settings\CER6990619\.m2\repository"/>
    <property name="file.separator" value="\"/>
    <property name="java.vendor.url.bug" value="http://java.sun.com/cgi-bin/bugreport.cgi"/>
    <property name="sun.cpu.endian" value="little"/>
    <property name="sun.io.unicode.encoding" value="UnicodeLittle"/>
    <property name="sun.desktop" value="windows"/>
    <property name="sun.cpu.isalist" value="pentium_pro+mmx pentium_pro pentium+mmx pentium i486 i386 i86"/>
  </properties>
  <testcase time="0.39" classname="ValidatePDFTest" name="validateWithNoParameter"/>
  <testcase time="0.032" classname="ValidatePDFTest" name="validateWithInvalidPdfFolder"/>
  <testcase time="0" classname="ValidatePDFTest" name="validateWithExistingLogFile"/>
  <testcase time="1.312" classname="ValidatePDFTest" name="validateWithGivenPdfFile"/>
  <testcase time="0.11" classname="ValidatePDFTest" name="validateWithGivenPdfFolder"/>
</testsuite>