<?xml version="1.0" encoding="UTF-8" ?>
<testsuite failures="0" time="0.391" errors="0" skipped="0" tests="28" name="net.padaf.xmpbox.schema.XMPMediaManagementTest">
  <properties>
    <property name="java.runtime.name" value="Java(TM) SE Runtime Environment"/>
    <property name="sun.boot.library.path" value="C:\Program Files\Java\jdk1.6.0_24\jre\bin"/>
    <property name="java.vm.version" value="19.1-b02"/>
    <property name="java.vm.vendor" value="Sun Microsystems Inc."/>
    <property name="java.vendor.url" value="http://java.sun.com/"/>
    <property name="path.separator" value=";"/>
    <property name="java.vm.name" value="Java HotSpot(TM) Client VM"/>
    <property name="file.encoding.pkg" value="sun.io"/>
    <property name="user.country" value="FR"/>
    <property name="sun.java.launcher" value="SUN_STANDARD"/>
    <property name="sun.os.patch.level" value="Service Pack 3"/>
    <property name="java.vm.specification.name" value="Java Virtual Machine Specification"/>
    <property name="user.dir" value="Z:\PDF\outils\padaf-0.6\xmpbox"/>
    <property name="java.runtime.version" value="1.6.0_24-b07"/>
    <property name="java.awt.graphicsenv" value="sun.awt.Win32GraphicsEnvironment"/>
    <property name="basedir" value="Z:\PDF\outils\padaf-0.6\xmpbox"/>
    <property name="java.endorsed.dirs" value="C:\Program Files\Java\jdk1.6.0_24\jre\lib\endorsed"/>
    <property name="os.arch" value="x86"/>
    <property name="java.io.tmpdir" value="C:\DOCUME~1\CER699~2\LOCALS~1\Temp\"/>
    <property name="line.separator" value="
"/>
    <property name="java.vm.specification.vendor" value="Sun Microsystems Inc."/>
    <property name="user.variant" value=""/>
    <property name="os.name" value="Windows XP"/>
    <property name="isartor.results.path" value="Z:\PDF\outils\padaf-0.6\xmpbox\target/isartor_results.txt"/>
    <property name="sun.jnu.encoding" value="Cp1252"/>
    <property name="java.library.path" value="C:\Program Files\Java\jdk1.6.0_24\jre\bin;.;C:\WINDOWS\Sun\Java\bin;C:\WINDOWS\system32;C:\WINDOWS;C:\OpenMaster Agents\bin;C:\OpenMaster Agents\shared_lib;C:\OpenMaster Agents\shared_lib\KERBEROS;C:\OpenMaster Agents\AKL5034\bin;C:\WINDOWS\system32;C:\WINDOWS;C:\WINDOWS\System32\Wbem;c:\notes\prog;C:\SpringSource\apache-maven-2.2.1\bin;C:\Program Files\TortoiseSVN\bin;Z:\wsi-test-tools\java\bin;c:\fsum;C:\Program Files\Java\jdk1.6.0_24\bin;C:\OpenMaster Agents\bin;C:\OpenMaster Agents\shared_lib;C:\OpenMaster Agents\shared_lib\KERBEROS;C:\OpenMaster Agents\AKL5034\bin;C:\WINDOWS\system32;C:\WINDOWS;C:\WINDOWS\System32\Wbem;c:\notes\prog;C:\SpringSource\apache-maven-2.2.1\bin;C:\Program Files\TortoiseSVN\bin;Z:\wsi-test-tools\java\bin;c:\fsum;C:\Program Files\Java\jdk1.6.0_24\bin;"/>
    <property name="java.specification.name" value="Java Platform API Specification"/>
    <property name="java.class.version" value="50.0"/>
    <property name="sun.management.compiler" value="HotSpot Client Compiler"/>
    <property name="pdfa.valid" value="${user.pdfa.valid}"/>
    <property name="os.version" value="5.1"/>
    <property name="user.home" value="C:\Documents and Settings\CER6990619"/>
    <property name="user.timezone" value=""/>
    <property name="java.awt.printerjob" value="sun.awt.windows.WPrinterJob"/>
    <property name="java.specification.version" value="1.6"/>
    <property name="file.encoding" value="Cp1252"/>
    <property name="user.name" value="CER6990619"/>
    <property name="java.class.path" value="C:\DOCUME~1\CER699~2\LOCALS~1\Temp\surefirebooter3608224407823414601.jar"/>
    <property name="java.vm.specification.version" value="1.0"/>
    <property name="sun.arch.data.model" value="32"/>
    <property name="java.home" value="C:\Program Files\Java\jdk1.6.0_24\jre"/>
    <property name="java.specification.vendor" value="Sun Microsystems Inc."/>
    <property name="user.language" value="fr"/>
    <property name="awt.toolkit" value="sun.awt.windows.WToolkit"/>
    <property name="java.vm.info" value="mixed mode, sharing"/>
    <property name="java.version" value="1.6.0_24"/>
    <property name="java.ext.dirs" value="C:\Program Files\Java\jdk1.6.0_24\jre\lib\ext;C:\WINDOWS\Sun\Java\lib\ext"/>
    <property name="sun.boot.class.path" value="C:\Program Files\Java\jdk1.6.0_24\jre\lib\resources.jar;C:\Program Files\Java\jdk1.6.0_24\jre\lib\rt.jar;C:\Program Files\Java\jdk1.6.0_24\jre\lib\sunrsasign.jar;C:\Program Files\Java\jdk1.6.0_24\jre\lib\jsse.jar;C:\Program Files\Java\jdk1.6.0_24\jre\lib\jce.jar;C:\Program Files\Java\jdk1.6.0_24\jre\lib\charsets.jar;C:\Program Files\Java\jdk1.6.0_24\jre\lib\modules\jdk.boot.jar;C:\Program Files\Java\jdk1.6.0_24\jre\classes"/>
    <property name="java.vendor" value="Sun Microsystems Inc."/>
    <property name="localRepository" value="C:\Documents and Settings\CER6990619\.m2\repository"/>
    <property name="file.separator" value="\"/>
    <property name="pdfa.invalid" value="${user.pdfa.invalid}"/>
    <property name="java.vendor.url.bug" value="http://java.sun.com/cgi-bin/bugreport.cgi"/>
    <property name="isartor.path" value="${user.isartor.path}"/>
    <property name="sun.cpu.endian" value="little"/>
    <property name="sun.io.unicode.encoding" value="UnicodeLittle"/>
    <property name="sun.desktop" value="windows"/>
    <property name="sun.cpu.isalist" value="pentium_pro+mmx pentium_pro pentium+mmx pentium i486 i386 i86"/>
  </properties>
  <testcase time="0.11" classname="net.padaf.xmpbox.schema.XMPMediaManagementTest" name="testGetSetValue[0]"/>
  <testcase time="0" classname="net.padaf.xmpbox.schema.XMPMediaManagementTest" name="testGetSetProperty[0]"/>
  <testcase time="0.015" classname="net.padaf.xmpbox.schema.XMPMediaManagementTest" name="testGetSetValue[1]"/>
  <testcase time="0" classname="net.padaf.xmpbox.schema.XMPMediaManagementTest" name="testGetSetProperty[1]"/>
  <testcase time="0" classname="net.padaf.xmpbox.schema.XMPMediaManagementTest" name="testGetSetValue[2]"/>
  <testcase time="0" classname="net.padaf.xmpbox.schema.XMPMediaManagementTest" name="testGetSetProperty[2]"/>
  <testcase time="0.016" classname="net.padaf.xmpbox.schema.XMPMediaManagementTest" name="testGetSetValue[3]"/>
  <testcase time="0" classname="net.padaf.xmpbox.schema.XMPMediaManagementTest" name="testGetSetProperty[3]"/>
  <testcase time="0" classname="net.padaf.xmpbox.schema.XMPMediaManagementTest" name="testGetSetValue[4]"/>
  <testcase time="0" classname="net.padaf.xmpbox.schema.XMPMediaManagementTest" name="testGetSetProperty[4]"/>
  <testcase time="0" classname="net.padaf.xmpbox.schema.XMPMediaManagementTest" name="testGetSetValue[5]"/>
  <testcase time="0" classname="net.padaf.xmpbox.schema.XMPMediaManagementTest" name="testGetSetProperty[5]"/>
  <testcase time="0" classname="net.padaf.xmpbox.schema.XMPMediaManagementTest" name="testGetSetValue[6]"/>
  <testcase time="0" classname="net.padaf.xmpbox.schema.XMPMediaManagementTest" name="testGetSetProperty[6]"/>
  <testcase time="0" classname="net.padaf.xmpbox.schema.XMPMediaManagementTest" name="testGetSetValue[7]"/>
  <testcase time="0.015" classname="net.padaf.xmpbox.schema.XMPMediaManagementTest" name="testGetSetProperty[7]"/>
  <testcase time="0" classname="net.padaf.xmpbox.schema.XMPMediaManagementTest" name="testGetSetValue[8]"/>
  <testcase time="0" classname="net.padaf.xmpbox.schema.XMPMediaManagementTest" name="testGetSetProperty[8]"/>
  <testcase time="0" classname="net.padaf.xmpbox.schema.XMPMediaManagementTest" name="testGetSetValue[9]"/>
  <testcase time="0.016" classname="net.padaf.xmpbox.schema.XMPMediaManagementTest" name="testGetSetProperty[9]"/>
  <testcase time="0" classname="net.padaf.xmpbox.schema.XMPMediaManagementTest" name="testGetSetValue[10]"/>
  <testcase time="0" classname="net.padaf.xmpbox.schema.XMPMediaManagementTest" name="testGetSetProperty[10]"/>
  <testcase time="0" classname="net.padaf.xmpbox.schema.XMPMediaManagementTest" name="testGetSetValue[11]"/>
  <testcase time="0.015" classname="net.padaf.xmpbox.schema.XMPMediaManagementTest" name="testGetSetProperty[11]"/>
  <testcase time="0" classname="net.padaf.xmpbox.schema.XMPMediaManagementTest" name="testGetSetValue[12]"/>
  <testcase time="0" classname="net.padaf.xmpbox.schema.XMPMediaManagementTest" name="testGetSetProperty[12]"/>
  <testcase time="0" classname="net.padaf.xmpbox.schema.XMPMediaManagementTest" name="testGetSetValue[13]"/>
  <testcase time="0.016" classname="net.padaf.xmpbox.schema.XMPMediaManagementTest" name="testGetSetProperty[13]"/>
</testsuite>