<?xml version="1.0" encoding="UTF-8" ?>
<testsuite failures="0" time="39.656" errors="1" skipped="0" tests="24" name="fr.urssaf.hectotest.DumpTest">
  <properties>
    <property name="java.runtime.name" value="Java(TM) SE Runtime Environment"/>
    <property name="sun.boot.library.path" value="C:\Program Files\Java\jdk1.6.0_24\jre\bin"/>
    <property name="java.vm.version" value="19.1-b02"/>
    <property name="java.vm.vendor" value="Sun Microsystems Inc."/>
    <property name="java.vendor.url" value="http://java.sun.com/"/>
    <property name="path.separator" value=";"/>
    <property name="java.vm.name" value="Java HotSpot(TM) Client VM"/>
    <property name="file.encoding.pkg" value="sun.io"/>
    <property name="user.country" value="FR"/>
    <property name="sun.java.launcher" value="SUN_STANDARD"/>
    <property name="sun.os.patch.level" value="Service Pack 3"/>
    <property name="java.vm.specification.name" value="Java Virtual Machine Specification"/>
    <property name="user.dir" value="C:\projets\java\ds4\hectorTest"/>
    <property name="java.runtime.version" value="1.6.0_24-b07"/>
    <property name="java.awt.graphicsenv" value="sun.awt.Win32GraphicsEnvironment"/>
    <property name="basedir" value="C:\projets\java\ds4\hectorTest"/>
    <property name="java.endorsed.dirs" value="C:\Program Files\Java\jdk1.6.0_24\jre\lib\endorsed"/>
    <property name="os.arch" value="x86"/>
    <property name="surefire.real.class.path" value="C:\DOCUME~1\CER690~1\LOCALS~1\Temp\surefirebooter2595637756358926491.jar"/>
    <property name="java.io.tmpdir" value="C:\DOCUME~1\CER690~1\LOCALS~1\Temp\"/>
    <property name="line.separator" value="
"/>
    <property name="java.vm.specification.vendor" value="Sun Microsystems Inc."/>
    <property name="user.variant" value=""/>
    <property name="os.name" value="Windows XP"/>
    <property name="sun.jnu.encoding" value="Cp1252"/>
    <property name="java.library.path" value="C:\Program Files\Java\jdk1.6.0_24\jre\bin;.;C:\WINDOWS\Sun\Java\bin;C:\WINDOWS\system32;C:\WINDOWS;C:\OpenMaster Agents\bin;C:\OpenMaster Agents\shared_lib;C:\OpenMaster Agents\shared_lib\KERBEROS;C:\OpenMaster Agents\AKL5034\bin;C:\WINDOWS\system32;C:\WINDOWS;C:\WINDOWS\System32\Wbem;C:\Program Files\TortoiseSVN\bin;C:\PROGRA~1\ULTRAE~1;C:\WINDOWS\system32\WindowsPowerShell\v1.0;c:\notes\prog;\\cer69-nasimagb2\swt\isp\dll;C:\Program Files\InputAccel\Client\binnt;C:\SpringSource\apache-maven-2.2.1\bin;C:\OpenMaster Agents\bin;C:\OpenMaster Agents\shared_lib;C:\OpenMaster Agents\shared_lib\KERBEROS;C:\OpenMaster Agents\AKL5034\bin;C:\WINDOWS\system32;C:\WINDOWS;C:\WINDOWS\System32\Wbem;C:\Program Files\TortoiseSVN\bin;C:\PROGRA~1\ULTRAE~1;C:\WINDOWS\system32\WindowsPowerShell\v1.0;c:\notes\prog;\\cer69-nasimagb2\swt\isp\dll;C:\Program Files\InputAccel\Client\binnt;C:\SpringSource\apache-maven-2.2.1\bin"/>
    <property name="surefire.test.class.path" value="C:\projets\java\ds4\hectorTest\target\test-classes;C:\projets\java\ds4\hectorTest\target\classes;c:\projets\java\maven_repository\me\prettyprint\hector-object-mapper\1.1-01\hector-object-mapper-1.1-01.jar;c:\projets\java\maven_repository\org\slf4j\slf4j-api\1.6.1\slf4j-api-1.6.1.jar;c:\projets\java\maven_repository\me\prettyprint\hector-core\0.8.0-1\hector-core-0.8.0-1.jar;c:\projets\java\maven_repository\commons-lang\commons-lang\2.4\commons-lang-2.4.jar;c:\projets\java\maven_repository\commons-pool\commons-pool\1.5.3\commons-pool-1.5.3.jar;c:\projets\java\maven_repository\org\apache\cassandra\cassandra-all\0.8.0\cassandra-all-0.8.0.jar;c:\projets\java\maven_repository\com\google\guava\guava\r08\guava-r08.jar;c:\projets\java\maven_repository\commons-cli\commons-cli\1.1\commons-cli-1.1.jar;c:\projets\java\maven_repository\commons-codec\commons-codec\1.2\commons-codec-1.2.jar;c:\projets\java\maven_repository\commons-collections\commons-collections\3.2.1\commons-collections-3.2.1.jar;c:\projets\java\maven_repository\com\googlecode\concurrentlinkedhashmap\concurrentlinkedhashmap-lru\1.1\concurrentlinkedhashmap-lru-1.1.jar;c:\projets\java\maven_repository\org\antlr\antlr\3.2\antlr-3.2.jar;c:\projets\java\maven_repository\org\antlr\antlr-runtime\3.2\antlr-runtime-3.2.jar;c:\projets\java\maven_repository\org\antlr\stringtemplate\3.2\stringtemplate-3.2.jar;c:\projets\java\maven_repository\antlr\antlr\2.7.7\antlr-2.7.7.jar;c:\projets\java\maven_repository\org\apache\cassandra\deps\avro\1.4.0-cassandra-1\avro-1.4.0-cassandra-1.jar;c:\projets\java\maven_repository\org\codehaus\jackson\jackson-mapper-asl\1.4.0\jackson-mapper-asl-1.4.0.jar;c:\projets\java\maven_repository\org\codehaus\jackson\jackson-core-asl\1.4.0\jackson-core-asl-1.4.0.jar;c:\projets\java\maven_repository\org\mortbay\jetty\jetty\6.1.22\jetty-6.1.22.jar;c:\projets\java\maven_repository\org\mortbay\jetty\jetty-util\6.1.22\jetty-util-6.1.22.jar;c:\projets\java\maven_repository\org\mortbay\jetty\servlet-api\2.5-20081211\servlet-api-2.5-20081211.jar;c:\projets\java\maven_repository\jline\jline\0.9.94\jline-0.9.94.jar;c:\projets\java\maven_repository\com\googlecode\json-simple\json-simple\1.1\json-simple-1.1.jar;c:\projets\java\maven_repository\com\github\stephenc\high-scale-lib\high-scale-lib\1.1.1\high-scale-lib-1.1.1.jar;c:\projets\java\maven_repository\org\yaml\snakeyaml\1.6\snakeyaml-1.6.jar;c:\projets\java\maven_repository\log4j\log4j\1.2.16\log4j-1.2.16.jar;c:\projets\java\maven_repository\org\apache\thrift\libthrift\0.6.1\libthrift-0.6.1.jar;c:\projets\java\maven_repository\junit\junit\4.8.1\junit-4.8.1.jar;c:\projets\java\maven_repository\javax\servlet\servlet-api\2.5\servlet-api-2.5.jar;c:\projets\java\maven_repository\org\apache\httpcomponents\httpclient\4.0.1\httpclient-4.0.1.jar;c:\projets\java\maven_repository\org\apache\httpcomponents\httpcore\4.0.1\httpcore-4.0.1.jar;c:\projets\java\maven_repository\commons-logging\commons-logging\1.1.1\commons-logging-1.1.1.jar;c:\projets\java\maven_repository\org\apache\cassandra\cassandra-thrift\0.8.0\cassandra-thrift-0.8.0.jar;c:\projets\java\maven_repository\com\github\stephenc\jamm\0.2.2\jamm-0.2.2.jar;c:\projets\java\maven_repository\org\slf4j\jul-to-slf4j\1.6.1\jul-to-slf4j-1.6.1.jar;c:\projets\java\maven_repository\com\github\stephenc\eaio-uuid\uuid\3.2.0\uuid-3.2.0.jar;c:\projets\java\maven_repository\com\ecyrd\speed4j\speed4j\0.5\speed4j-0.5.jar;c:\projets\java\maven_repository\org\springframework\spring-context\3.0.5.RELEASE\spring-context-3.0.5.RELEASE.jar;c:\projets\java\maven_repository\org\springframework\spring-beans\3.0.5.RELEASE\spring-beans-3.0.5.RELEASE.jar;c:\projets\java\maven_repository\org\springframework\spring-core\3.0.5.RELEASE\spring-core-3.0.5.RELEASE.jar;c:\projets\java\maven_repository\org\springframework\spring-asm\3.0.5.RELEASE\spring-asm-3.0.5.RELEASE.jar;c:\projets\java\maven_repository\org\springframework\spring-expression\3.0.5.RELEASE\spring-expression-3.0.5.RELEASE.jar;c:\projets\java\maven_repository\org\apache\openjpa\openjpa-persistence\2.1.0\openjpa-persistence-2.1.0.jar;c:\projets\java\maven_repository\org\apache\geronimo\specs\geronimo-jpa_2.0_spec\1.1\geronimo-jpa_2.0_spec-1.1.jar;c:\projets\java\maven_repository\ch\qos\logback\logback-classic\0.9.28\logback-classic-0.9.28.jar;c:\projets\java\maven_repository\ch\qos\logback\logback-core\0.9.28\logback-core-0.9.28.jar;"/>
    <property name="java.specification.name" value="Java Platform API Specification"/>
    <property name="java.class.version" value="50.0"/>
    <property name="sun.management.compiler" value="HotSpot Client Compiler"/>
    <property name="os.version" value="5.1"/>
    <property name="user.home" value="C:\Documents and Settings\CER6900241"/>
    <property name="user.timezone" value="Europe/Paris"/>
    <property name="java.awt.printerjob" value="sun.awt.windows.WPrinterJob"/>
    <property name="java.specification.version" value="1.6"/>
    <property name="file.encoding" value="Cp1252"/>
    <property name="user.name" value="CER6900241"/>
    <property name="java.class.path" value="C:\projets\java\ds4\hectorTest\target\test-classes;C:\projets\java\ds4\hectorTest\target\classes;c:\projets\java\maven_repository\me\prettyprint\hector-object-mapper\1.1-01\hector-object-mapper-1.1-01.jar;c:\projets\java\maven_repository\org\slf4j\slf4j-api\1.6.1\slf4j-api-1.6.1.jar;c:\projets\java\maven_repository\me\prettyprint\hector-core\0.8.0-1\hector-core-0.8.0-1.jar;c:\projets\java\maven_repository\commons-lang\commons-lang\2.4\commons-lang-2.4.jar;c:\projets\java\maven_repository\commons-pool\commons-pool\1.5.3\commons-pool-1.5.3.jar;c:\projets\java\maven_repository\org\apache\cassandra\cassandra-all\0.8.0\cassandra-all-0.8.0.jar;c:\projets\java\maven_repository\com\google\guava\guava\r08\guava-r08.jar;c:\projets\java\maven_repository\commons-cli\commons-cli\1.1\commons-cli-1.1.jar;c:\projets\java\maven_repository\commons-codec\commons-codec\1.2\commons-codec-1.2.jar;c:\projets\java\maven_repository\commons-collections\commons-collections\3.2.1\commons-collections-3.2.1.jar;c:\projets\java\maven_repository\com\googlecode\concurrentlinkedhashmap\concurrentlinkedhashmap-lru\1.1\concurrentlinkedhashmap-lru-1.1.jar;c:\projets\java\maven_repository\org\antlr\antlr\3.2\antlr-3.2.jar;c:\projets\java\maven_repository\org\antlr\antlr-runtime\3.2\antlr-runtime-3.2.jar;c:\projets\java\maven_repository\org\antlr\stringtemplate\3.2\stringtemplate-3.2.jar;c:\projets\java\maven_repository\antlr\antlr\2.7.7\antlr-2.7.7.jar;c:\projets\java\maven_repository\org\apache\cassandra\deps\avro\1.4.0-cassandra-1\avro-1.4.0-cassandra-1.jar;c:\projets\java\maven_repository\org\codehaus\jackson\jackson-mapper-asl\1.4.0\jackson-mapper-asl-1.4.0.jar;c:\projets\java\maven_repository\org\codehaus\jackson\jackson-core-asl\1.4.0\jackson-core-asl-1.4.0.jar;c:\projets\java\maven_repository\org\mortbay\jetty\jetty\6.1.22\jetty-6.1.22.jar;c:\projets\java\maven_repository\org\mortbay\jetty\jetty-util\6.1.22\jetty-util-6.1.22.jar;c:\projets\java\maven_repository\org\mortbay\jetty\servlet-api\2.5-20081211\servlet-api-2.5-20081211.jar;c:\projets\java\maven_repository\jline\jline\0.9.94\jline-0.9.94.jar;c:\projets\java\maven_repository\com\googlecode\json-simple\json-simple\1.1\json-simple-1.1.jar;c:\projets\java\maven_repository\com\github\stephenc\high-scale-lib\high-scale-lib\1.1.1\high-scale-lib-1.1.1.jar;c:\projets\java\maven_repository\org\yaml\snakeyaml\1.6\snakeyaml-1.6.jar;c:\projets\java\maven_repository\log4j\log4j\1.2.16\log4j-1.2.16.jar;c:\projets\java\maven_repository\org\apache\thrift\libthrift\0.6.1\libthrift-0.6.1.jar;c:\projets\java\maven_repository\junit\junit\4.8.1\junit-4.8.1.jar;c:\projets\java\maven_repository\javax\servlet\servlet-api\2.5\servlet-api-2.5.jar;c:\projets\java\maven_repository\org\apache\httpcomponents\httpclient\4.0.1\httpclient-4.0.1.jar;c:\projets\java\maven_repository\org\apache\httpcomponents\httpcore\4.0.1\httpcore-4.0.1.jar;c:\projets\java\maven_repository\commons-logging\commons-logging\1.1.1\commons-logging-1.1.1.jar;c:\projets\java\maven_repository\org\apache\cassandra\cassandra-thrift\0.8.0\cassandra-thrift-0.8.0.jar;c:\projets\java\maven_repository\com\github\stephenc\jamm\0.2.2\jamm-0.2.2.jar;c:\projets\java\maven_repository\org\slf4j\jul-to-slf4j\1.6.1\jul-to-slf4j-1.6.1.jar;c:\projets\java\maven_repository\com\github\stephenc\eaio-uuid\uuid\3.2.0\uuid-3.2.0.jar;c:\projets\java\maven_repository\com\ecyrd\speed4j\speed4j\0.5\speed4j-0.5.jar;c:\projets\java\maven_repository\org\springframework\spring-context\3.0.5.RELEASE\spring-context-3.0.5.RELEASE.jar;c:\projets\java\maven_repository\org\springframework\spring-beans\3.0.5.RELEASE\spring-beans-3.0.5.RELEASE.jar;c:\projets\java\maven_repository\org\springframework\spring-core\3.0.5.RELEASE\spring-core-3.0.5.RELEASE.jar;c:\projets\java\maven_repository\org\springframework\spring-asm\3.0.5.RELEASE\spring-asm-3.0.5.RELEASE.jar;c:\projets\java\maven_repository\org\springframework\spring-expression\3.0.5.RELEASE\spring-expression-3.0.5.RELEASE.jar;c:\projets\java\maven_repository\org\apache\openjpa\openjpa-persistence\2.1.0\openjpa-persistence-2.1.0.jar;c:\projets\java\maven_repository\org\apache\geronimo\specs\geronimo-jpa_2.0_spec\1.1\geronimo-jpa_2.0_spec-1.1.jar;c:\projets\java\maven_repository\ch\qos\logback\logback-classic\0.9.28\logback-classic-0.9.28.jar;c:\projets\java\maven_repository\ch\qos\logback\logback-core\0.9.28\logback-core-0.9.28.jar;"/>
    <property name="java.vm.specification.version" value="1.0"/>
    <property name="sun.arch.data.model" value="32"/>
    <property name="java.home" value="C:\Program Files\Java\jdk1.6.0_24\jre"/>
    <property name="java.specification.vendor" value="Sun Microsystems Inc."/>
    <property name="user.language" value="fr"/>
    <property name="awt.toolkit" value="sun.awt.windows.WToolkit"/>
    <property name="java.vm.info" value="mixed mode, sharing"/>
    <property name="java.version" value="1.6.0_24"/>
    <property name="java.ext.dirs" value="C:\Program Files\Java\jdk1.6.0_24\jre\lib\ext;C:\WINDOWS\Sun\Java\lib\ext"/>
    <property name="sun.boot.class.path" value="C:\Program Files\Java\jdk1.6.0_24\jre\lib\resources.jar;C:\Program Files\Java\jdk1.6.0_24\jre\lib\rt.jar;C:\Program Files\Java\jdk1.6.0_24\jre\lib\sunrsasign.jar;C:\Program Files\Java\jdk1.6.0_24\jre\lib\jsse.jar;C:\Program Files\Java\jdk1.6.0_24\jre\lib\jce.jar;C:\Program Files\Java\jdk1.6.0_24\jre\lib\charsets.jar;C:\Program Files\Java\jdk1.6.0_24\jre\lib\modules\jdk.boot.jar;C:\Program Files\Java\jdk1.6.0_24\jre\classes"/>
    <property name="java.vendor" value="Sun Microsystems Inc."/>
    <property name="localRepository" value="c:/projets/java/maven_repository"/>
    <property name="file.separator" value="\"/>
    <property name="java.vendor.url.bug" value="http://java.sun.com/cgi-bin/bugreport.cgi"/>
    <property name="sun.cpu.endian" value="little"/>
    <property name="sun.io.unicode.encoding" value="UnicodeLittle"/>
    <property name="sun.desktop" value="windows"/>
    <property name="sun.cpu.isalist" value="pentium_pro+mmx pentium_pro pentium+mmx pentium i486 i386 i86"/>
  </properties>
  <testcase time="1.109" classname="fr.urssaf.hectotest.DumpTest" name="testDumpDocInfo"/>
  <testcase time="0.031" classname="fr.urssaf.hectotest.DumpTest" name="testDumpDocuments"/>
  <testcase time="0" classname="fr.urssaf.hectotest.DumpTest" name="testDumpOneDocument"/>
  <testcase time="0.032" classname="fr.urssaf.hectotest.DumpTest" name="testExtractOneDocument">
    <error type="java.lang.NullPointerException">java.lang.NullPointerException
	at fr.urssaf.hectotest.DumpTest.ExtractOneDocument(DumpTest.java:133)
	at fr.urssaf.hectotest.DumpTest.testExtractOneDocument(DumpTest.java:99)
	at sun.reflect.NativeMethodAccessorImpl.invoke0(Native Method)
	at sun.reflect.NativeMethodAccessorImpl.invoke(NativeMethodAccessorImpl.java:39)
	at sun.reflect.DelegatingMethodAccessorImpl.invoke(DelegatingMethodAccessorImpl.java:25)
	at java.lang.reflect.Method.invoke(Method.java:597)
	at org.junit.runners.model.FrameworkMethod$1.runReflectiveCall(FrameworkMethod.java:44)
	at org.junit.internal.runners.model.ReflectiveCallable.run(ReflectiveCallable.java:15)
	at org.junit.runners.model.FrameworkMethod.invokeExplosively(FrameworkMethod.java:41)
	at org.junit.internal.runners.statements.InvokeMethod.evaluate(InvokeMethod.java:20)
	at org.junit.internal.runners.statements.RunBefores.evaluate(RunBefores.java:28)
	at org.junit.internal.runners.statements.RunAfters.evaluate(RunAfters.java:31)
	at org.junit.runners.BlockJUnit4ClassRunner.runChild(BlockJUnit4ClassRunner.java:76)
	at org.junit.runners.BlockJUnit4ClassRunner.runChild(BlockJUnit4ClassRunner.java:50)
	at org.junit.runners.ParentRunner$3.run(ParentRunner.java:193)
	at org.junit.runners.ParentRunner$1.schedule(ParentRunner.java:52)
	at org.junit.runners.ParentRunner.runChildren(ParentRunner.java:191)
	at org.junit.runners.ParentRunner.access$000(ParentRunner.java:42)
	at org.junit.runners.ParentRunner$2.evaluate(ParentRunner.java:184)
	at org.junit.runners.ParentRunner.run(ParentRunner.java:236)
	at org.apache.maven.surefire.junit4.JUnit4TestSet.execute(JUnit4TestSet.java:62)
	at org.apache.maven.surefire.suite.AbstractDirectoryTestSuite.executeTestSet(AbstractDirectoryTestSuite.java:140)
	at org.apache.maven.surefire.suite.AbstractDirectoryTestSuite.execute(AbstractDirectoryTestSuite.java:127)
	at org.apache.maven.surefire.Surefire.run(Surefire.java:177)
	at sun.reflect.NativeMethodAccessorImpl.invoke0(Native Method)
	at sun.reflect.NativeMethodAccessorImpl.invoke(NativeMethodAccessorImpl.java:39)
	at sun.reflect.DelegatingMethodAccessorImpl.invoke(DelegatingMethodAccessorImpl.java:25)
	at java.lang.reflect.Method.invoke(Method.java:597)
	at org.apache.maven.surefire.booter.SurefireBooter.runSuitesInProcess(SurefireBooter.java:345)
	at org.apache.maven.surefire.booter.SurefireBooter.main(SurefireBooter.java:1009)
</error>
    <system-out>CrÃ©ation du fichier c:\temp\test.pdf...
</system-out>
  </testcase>
  <testcase time="37.483" classname="fr.urssaf.hectotest.DumpTest" name="testDumpTermInfo"/>
  <testcase time="0.016" classname="fr.urssaf.hectotest.DumpTest" name="testDumpNotes"/>
  <testcase time="0.015" classname="fr.urssaf.hectotest.DumpTest" name="testDumpAnnotations"/>
  <testcase time="0" classname="fr.urssaf.hectotest.DumpTest" name="testDumpRecordManager"/>
  <testcase time="0" classname="fr.urssaf.hectotest.DumpTest" name="testDumpRecordManagerRef"/>
  <testcase time="0" classname="fr.urssaf.hectotest.DumpTest" name="testDumpRecordManagerArchive"/>
  <testcase time="0.266" classname="fr.urssaf.hectotest.DumpTest" name="testDumpBaseCategoriesReference"/>
  <testcase time="0.016" classname="fr.urssaf.hectotest.DumpTest" name="testDumpCategoriesReference"/>
  <testcase time="0.031" classname="fr.urssaf.hectotest.DumpTest" name="testDumpBasesReference"/>
  <testcase time="0" classname="fr.urssaf.hectotest.DumpTest" name="testDumpCompositeIndexesReference"/>
  <testcase time="0" classname="fr.urssaf.hectotest.DumpTest" name="testDumpIndexCriteriaReference"/>
  <testcase time="0.031" classname="fr.urssaf.hectotest.DumpTest" name="testDumpStaticDictionaries"/>
  <testcase time="0.031" classname="fr.urssaf.hectotest.DumpTest" name="testDumpIndexCounter"/>
  <testcase time="0.016" classname="fr.urssaf.hectotest.DumpTest" name="testDumpSystemEventLog"/>
  <testcase time="0.234" classname="fr.urssaf.hectotest.DumpTest" name="testDumpDocEventLog"/>
  <testcase time="0.016" classname="fr.urssaf.hectotest.DumpTest" name="testDumpDocEventLogByTime"/>
  <testcase time="0.063" classname="fr.urssaf.hectotest.DumpTest" name="testDumpUser"/>
  <testcase time="0.015" classname="fr.urssaf.hectotest.DumpTest" name="testCQL"/>
  <testcase time="0.031" classname="fr.urssaf.hectotest.DumpTest" name="testDelete"/>
  <testcase time="0.188" classname="fr.urssaf.hectotest.DumpTest" name="testEntityManager"/>
</testsuite>