<?xml version="1.0" encoding="UTF-8" ?>
<testsuite failures="0" time="2" errors="15" skipped="0" tests="15" name="fr.urssaf.hectotest.AppTest">
  <properties>
    <property name="java.vendor" value="Sun Microsystems Inc."/>
    <property name="localRepository" value="c:/projets/java/maven_repository"/>
    <property name="env.VS90COMNTOOLS" value="C:\Program Files\Microsoft Visual Studio 9.0\Common7\Tools\"/>
    <property name="sun.java.launcher" value="SUN_STANDARD"/>
    <property name="sun.management.compiler" value="HotSpot Client Compiler"/>
    <property name="env.PROMPT" value="$P$G"/>
    <property name="os.name" value="Windows XP"/>
    <property name="env.FP_NO_HOST_CHECK" value="NO"/>
    <property name="sun.boot.class.path" value="C:\Program Files\Java\jdk1.6.0_24\jre\lib\resources.jar;C:\Program Files\Java\jdk1.6.0_24\jre\lib\rt.jar;C:\Program Files\Java\jdk1.6.0_24\jre\lib\sunrsasign.jar;C:\Program Files\Java\jdk1.6.0_24\jre\lib\jsse.jar;C:\Program Files\Java\jdk1.6.0_24\jre\lib\jce.jar;C:\Program Files\Java\jdk1.6.0_24\jre\lib\charsets.jar;C:\Program Files\Java\jdk1.6.0_24\jre\lib\modules\jdk.boot.jar;C:\Program Files\Java\jdk1.6.0_24\jre\classes"/>
    <property name="env.COMPUTERNAME" value="CER69-TEC16828"/>
    <property name="env.ALLUSERSPROFILE" value="C:\Documents and Settings\All Users"/>
    <property name="sun.desktop" value="windows"/>
    <property name="java.vm.specification.vendor" value="Sun Microsystems Inc."/>
    <property name="java.runtime.version" value="1.6.0_24-b07"/>
    <property name="env.ISMAGENT" value="C:\OpenMaster Agents"/>
    <property name="env.HOMEPATH" value="\"/>
    <property name="env.HOMESHARE" value="\\CER69-STOCKAGE\USERS\CER6900241"/>
    <property name="env.ANT_OPS" value="-Dhttp.proxyHost=navweb.cer69.recouv -Dhttp.proxyPort=8000 -Dhttp.proxyUser=cer6900241 -Dhttp.proxyPassword=samuel222"/>
    <property name="user.name" value="CER6900241"/>
    <property name="env.NLSPATH" value="C:\OpenMaster Agents\messages\%%L\%%N;C:\OpenMaster Agents\messages\%%L\%%N.cat;C:\OpenMaster Agents\messages\default\%%N;C:\OpenMaster Agents\messages\default\%%N.cat"/>
    <property name="user.language" value="fr"/>
    <property name="sun.boot.library.path" value="C:\Program Files\Java\jdk1.6.0_24\jre\bin"/>
    <property name="classworlds.conf" value="C:\projets\eclipse_workspace_sts\.metadata\.plugins\org.maven.ide.eclipse\launches\m2conf7811757332777082374.tmp"/>
    <property name="java.version" value="1.6.0_24"/>
    <property name="env.PROCESSOR_IDENTIFIER" value="x86 Family 6 Model 23 Stepping 10, GenuineIntel"/>
    <property name="user.timezone" value="Europe/Paris"/>
    <property name="env.TEMP" value="C:\DOCUME~1\CER690~1\LOCALS~1\Temp"/>
    <property name="sun.arch.data.model" value="32"/>
    <property name="env.CODEPOSTE" value="1007-16828"/>
    <property name="java.endorsed.dirs" value="C:\Program Files\Java\jdk1.6.0_24\jre\lib\endorsed"/>
    <property name="sun.cpu.isalist" value="pentium_pro+mmx pentium_pro pentium+mmx pentium i486 i386 i86"/>
    <property name="env.HOMEDRIVE" value="Z:"/>
    <property name="sun.jnu.encoding" value="Cp1252"/>
    <property name="file.encoding.pkg" value="sun.io"/>
    <property name="file.separator" value="\"/>
    <property name="java.specification.name" value="Java Platform API Specification"/>
    <property name="java.class.version" value="50.0"/>
    <property name="user.country" value="FR"/>
    <property name="java.home" value="C:\Program Files\Java\jdk1.6.0_24\jre"/>
    <property name="env.PSModulePath" value="C:\WINDOWS\system32\WindowsPowerShell\v1.0\Modules\"/>
    <property name="env.APPDATA" value="C:\Documents and Settings\CER6900241\Application Data"/>
    <property name="java.vm.info" value="mixed mode, sharing"/>
    <property name="env.ComSpec" value="C:\WINDOWS\system32\cmd.exe"/>
    <property name="env.OS" value="Windows_NT"/>
    <property name="env.CommonProgramFiles" value="C:\Program Files\Fichiers communs"/>
    <property name="os.version" value="5.1"/>
    <property name="path.separator" value=";"/>
    <property name="java.vm.version" value="19.1-b02"/>
    <property name="env.MVN_PATH" value="C:\SpringSource\apache-maven-2.2.1\bin"/>
    <property name="env.USERPROFILE" value="C:\Documents and Settings\CER6900241"/>
    <property name="user.variant" value=""/>
    <property name="java.awt.printerjob" value="sun.awt.windows.WPrinterJob"/>
    <property name="env.TMP" value="C:\DOCUME~1\CER690~1\LOCALS~1\Temp"/>
    <property name="sun.io.unicode.encoding" value="UnicodeLittle"/>
    <property name="awt.toolkit" value="sun.awt.windows.WToolkit"/>
    <property name="env.ISSROOT" value="C:\OpenMaster Agents"/>
    <property name="user.home" value="C:\Documents and Settings\CER6900241"/>
    <property name="env.SESSIONNAME" value="Console"/>
    <property name="java.specification.vendor" value="Sun Microsystems Inc."/>
    <property name="env.NUMBER_OF_PROCESSORS" value="2"/>
    <property name="java.library.path" value="C:\Program Files\Java\jdk1.6.0_24\bin;.;C:\WINDOWS\Sun\Java\bin;C:\WINDOWS\system32;C:\WINDOWS;C:\OpenMaster Agents\bin;C:\OpenMaster Agents\shared_lib;C:\OpenMaster Agents\shared_lib\KERBEROS;C:\OpenMaster Agents\AKL5034\bin;C:\WINDOWS\system32;C:\WINDOWS;C:\WINDOWS\System32\Wbem;C:\Program Files\TortoiseSVN\bin;C:\PROGRA~1\ULTRAE~1;C:\WINDOWS\system32\WindowsPowerShell\v1.0;c:\notes\prog"/>
    <property name="java.vendor.url" value="http://java.sun.com/"/>
    <property name="env.USERDNSDOMAIN" value="domcer69.recouv.ad"/>
    <property name="java.vm.vendor" value="Sun Microsystems Inc."/>
    <property name="maven.home" value="EMBEDDED"/>
    <property name="java.runtime.name" value="Java(TM) SE Runtime Environment"/>
    <property name="java.class.path" value="/C:/SpringSource/sts-2.3.0.RELEASE/plugins/org.maven.ide.components.maven_embedder_2.1.0.20080530-2300/jars/plexus-classworlds-1.2-alpha-12.jar"/>
    <property name="env.ISMROOT" value="C:\OpenMaster Agents"/>
    <property name="java.vm.specification.name" value="Java Virtual Machine Specification"/>
    <property name="env.LOGONSERVER" value="\\DCC69001"/>
    <property name="env.windir" value="C:\WINDOWS"/>
    <property name="java.vm.specification.version" value="1.0"/>
    <property name="env.PROCESSOR_ARCHITECTURE" value="x86"/>
    <property name="m2eclipse.workspace.state" value="C:\projets\eclipse_workspace_sts\.metadata\.plugins\org.maven.ide.eclipse\workspacestate.properties"/>
    <property name="sun.os.patch.level" value="Service Pack 3"/>
    <property name="sun.cpu.endian" value="little"/>
    <property name="env.ProgramFiles" value="C:\Program Files"/>
    <property name="surefire.test.class.path" value="C:\projets\java\ds4\hectorTest\target\test-classes;C:\projets\java\ds4\hectorTest\target\classes;c:\projets\java\maven_repository\me\prettyprint\hector-object-mapper\1.0-06\hector-object-mapper-1.0-06.jar;c:\projets\java\maven_repository\org\slf4j\slf4j-api\1.6.1\slf4j-api-1.6.1.jar;c:\projets\java\maven_repository\me\prettyprint\hector-core\0.7.0-28\hector-core-0.7.0-28.jar;c:\projets\java\maven_repository\commons-lang\commons-lang\2.4\commons-lang-2.4.jar;c:\projets\java\maven_repository\commons-pool\commons-pool\1.5.3\commons-pool-1.5.3.jar;c:\projets\java\maven_repository\org\apache\cassandra\cassandra-all\0.7.0\cassandra-all-0.7.0.jar;c:\projets\java\maven_repository\com\google\guava\guava\r05\guava-r05.jar;c:\projets\java\maven_repository\commons-cli\commons-cli\1.1\commons-cli-1.1.jar;c:\projets\java\maven_repository\commons-codec\commons-codec\1.2\commons-codec-1.2.jar;c:\projets\java\maven_repository\commons-collections\commons-collections\3.2.1\commons-collections-3.2.1.jar;c:\projets\java\maven_repository\com\googlecode\concurrentlinkedhashmap\concurrentlinkedhashmap-lru\1.1\concurrentlinkedhashmap-lru-1.1.jar;c:\projets\java\maven_repository\org\mortbay\jetty\jetty\6.1.21\jetty-6.1.21.jar;c:\projets\java\maven_repository\org\mortbay\jetty\jetty-util\6.1.21\jetty-util-6.1.21.jar;c:\projets\java\maven_repository\org\mortbay\jetty\servlet-api\2.5-20081211\servlet-api-2.5-20081211.jar;c:\projets\java\maven_repository\org\antlr\antlr\3.1.3\antlr-3.1.3.jar;c:\projets\java\maven_repository\org\antlr\antlr-runtime\3.1.3\antlr-runtime-3.1.3.jar;c:\projets\java\maven_repository\org\antlr\stringtemplate\3.2\stringtemplate-3.2.jar;c:\projets\java\maven_repository\antlr\antlr\2.7.7\antlr-2.7.7.jar;c:\projets\java\maven_repository\org\codehaus\jackson\jackson-core-asl\1.4.0\jackson-core-asl-1.4.0.jar;c:\projets\java\maven_repository\org\codehaus\jackson\jackson-mapper-asl\1.4.0\jackson-mapper-asl-1.4.0.jar;c:\projets\java\maven_repository\jline\jline\0.9.94\jline-0.9.94.jar;c:\projets\java\maven_repository\com\googlecode\json-simple\json-simple\1.1\json-simple-1.1.jar;c:\projets\java\maven_repository\com\github\stephenc\high-scale-lib\high-scale-lib\1.1.1\high-scale-lib-1.1.1.jar;c:\projets\java\maven_repository\org\yaml\snakeyaml\1.6\snakeyaml-1.6.jar;c:\projets\java\maven_repository\org\safehaus\jug\jug\2.0.0\jug-2.0.0-asl.jar;c:\projets\java\maven_repository\org\apache\cassandra\deps\avro\1.4.0-cassandra-1\avro-1.4.0-cassandra-1.jar;c:\projets\java\maven_repository\org\apache\cassandra\deps\libthrift\0.5.0\libthrift-0.5.0.jar;c:\projets\java\maven_repository\org\slf4j\jul-to-slf4j\1.6.1\jul-to-slf4j-1.6.1.jar;c:\projets\java\maven_repository\com\github\stephenc\eaio-uuid\uuid\3.2.0\uuid-3.2.0.jar;c:\projets\java\maven_repository\org\perf4j\perf4j\0.9.12\perf4j-0.9.12.jar;c:\projets\java\maven_repository\org\springframework\spring-context\3.0.5.RELEASE\spring-context-3.0.5.RELEASE.jar;c:\projets\java\maven_repository\org\springframework\spring-aop\3.0.5.RELEASE\spring-aop-3.0.5.RELEASE.jar;c:\projets\java\maven_repository\aopalliance\aopalliance\1.0\aopalliance-1.0.jar;c:\projets\java\maven_repository\org\springframework\spring-asm\3.0.5.RELEASE\spring-asm-3.0.5.RELEASE.jar;c:\projets\java\maven_repository\org\springframework\spring-beans\3.0.5.RELEASE\spring-beans-3.0.5.RELEASE.jar;c:\projets\java\maven_repository\org\springframework\spring-core\3.0.5.RELEASE\spring-core-3.0.5.RELEASE.jar;c:\projets\java\maven_repository\commons-logging\commons-logging\1.1.1\commons-logging-1.1.1.jar;c:\projets\java\maven_repository\org\springframework\spring-expression\3.0.5.RELEASE\spring-expression-3.0.5.RELEASE.jar;c:\projets\java\maven_repository\org\springframework\spring-orm\3.0.5.RELEASE\spring-orm-3.0.5.RELEASE.jar;c:\projets\java\maven_repository\org\springframework\spring-jdbc\3.0.5.RELEASE\spring-jdbc-3.0.5.RELEASE.jar;c:\projets\java\maven_repository\org\springframework\spring-tx\3.0.5.RELEASE\spring-tx-3.0.5.RELEASE.jar;c:\projets\java\maven_repository\org\apache\openjpa\openjpa\2.0.1\openjpa-2.0.1.jar;c:\projets\java\maven_repository\net\sourceforge\serp\serp\1.13.1\serp-1.13.1.jar;c:\projets\java\maven_repository\junit\junit\4.8.1\junit-4.8.1.jar;c:\projets\java\maven_repository\org\apache\geronimo\specs\geronimo-jms_1.1_spec\1.1.1\geronimo-jms_1.1_spec-1.1.1.jar;c:\projets\java\maven_repository\org\apache\geronimo\specs\geronimo-jta_1.1_spec\1.1.1\geronimo-jta_1.1_spec-1.1.1.jar;c:\projets\java\maven_repository\org\apache\geronimo\specs\geronimo-jpa_2.0_spec\1.1\geronimo-jpa_2.0_spec-1.1.jar;c:\projets\java\maven_repository\org\apache\openjpa\openjpa-kernel\2.0.1\openjpa-kernel-2.0.1.jar;c:\projets\java\maven_repository\org\apache\openjpa\openjpa-lib\2.0.1\openjpa-lib-2.0.1.jar;c:\projets\java\maven_repository\ch\qos\logback\logback-classic\0.9.28\logback-classic-0.9.28.jar;c:\projets\java\maven_repository\ch\qos\logback\logback-core\0.9.28\logback-core-0.9.28.jar;"/>
    <property name="java.io.tmpdir" value="C:\DOCUME~1\CER690~1\LOCALS~1\Temp\"/>
    <property name="env.PROCESSOR_REVISION" value="170a"/>
    <property name="java.vendor.url.bug" value="http://java.sun.com/cgi-bin/bugreport.cgi"/>
    <property name="env.SystemRoot" value="C:\WINDOWS"/>
    <property name="java.awt.graphicsenv" value="sun.awt.Win32GraphicsEnvironment"/>
    <property name="os.arch" value="x86"/>
    <property name="java.ext.dirs" value="C:\Program Files\Java\jdk1.6.0_24\jre\lib\ext;C:\WINDOWS\Sun\Java\lib\ext"/>
    <property name="user.dir" value="C:\projets\java\ds4\hectorTest"/>
    <property name="line.separator" value="
"/>
    <property name="java.vm.name" value="Java HotSpot(TM) Client VM"/>
    <property name="env.PATHEXT" value=".COM;.EXE;.BAT;.CMD;.VBS;.VBE;.JS;.JSE;.WSF;.WSH;.PSC1"/>
    <property name="env.Path" value="C:\OpenMaster Agents\bin;C:\OpenMaster Agents\shared_lib;C:\OpenMaster Agents\shared_lib\KERBEROS;C:\OpenMaster Agents\AKL5034\bin;C:\WINDOWS\system32;C:\WINDOWS;C:\WINDOWS\System32\Wbem;C:\Program Files\TortoiseSVN\bin;C:\PROGRA~1\ULTRAE~1;C:\WINDOWS\system32\WindowsPowerShell\v1.0;c:\notes\prog"/>
    <property name="basedir" value="C:\projets\java\ds4\hectorTest"/>
    <property name="maven.mode.standalone" value="true"/>
    <property name="env.USERNAME" value="CER6900241"/>
    <property name="env.SystemDrive" value="C:"/>
    <property name="file.encoding" value="UTF-8"/>
    <property name="env.USERDOMAIN" value="DOMCER69"/>
    <property name="java.specification.version" value="1.6"/>
    <property name="env.PROCESSOR_LEVEL" value="6"/>
  </properties>
  <testcase time="1.594" classname="fr.urssaf.hectotest.AppTest" name="testDumpDocInfo">
    <error message="All host pools marked down. Retry burden pushed out to client." type="me.prettyprint.hector.api.exceptions.HectorException">me.prettyprint.hector.api.exceptions.HectorException: All host pools marked down. Retry burden pushed out to client.
	at me.prettyprint.cassandra.connection.HConnectionManager.getClientFromLBPolicy(HConnectionManager.java:308)
	at me.prettyprint.cassandra.connection.HConnectionManager.operateWithFailover(HConnectionManager.java:213)
	at me.prettyprint.cassandra.service.KeyspaceServiceImpl.operateWithFailover(KeyspaceServiceImpl.java:129)
	at me.prettyprint.cassandra.service.KeyspaceServiceImpl.getRangeSlices(KeyspaceServiceImpl.java:165)
	at me.prettyprint.cassandra.model.thrift.ThriftRangeSlicesQuery$1.doInKeyspace(ThriftRangeSlicesQuery.java:67)
	at me.prettyprint.cassandra.model.thrift.ThriftRangeSlicesQuery$1.doInKeyspace(ThriftRangeSlicesQuery.java:63)
	at me.prettyprint.cassandra.model.KeyspaceOperationCallback.doInKeyspaceAndMeasure(KeyspaceOperationCallback.java:20)
	at me.prettyprint.cassandra.model.ExecutingKeyspace.doExecute(ExecutingKeyspace.java:85)
	at me.prettyprint.cassandra.model.thrift.ThriftRangeSlicesQuery.execute(ThriftRangeSlicesQuery.java:62)
	at fr.urssaf.hectotest.AppTest.dumpCF(AppTest.java:153)
	at fr.urssaf.hectotest.AppTest.testDumpDocInfo(AppTest.java:67)
	at sun.reflect.NativeMethodAccessorImpl.invoke0(Native Method)
	at sun.reflect.NativeMethodAccessorImpl.invoke(NativeMethodAccessorImpl.java:39)
	at sun.reflect.DelegatingMethodAccessorImpl.invoke(DelegatingMethodAccessorImpl.java:25)
	at java.lang.reflect.Method.invoke(Method.java:597)
	at org.junit.runners.model.FrameworkMethod$1.runReflectiveCall(FrameworkMethod.java:44)
	at org.junit.internal.runners.model.ReflectiveCallable.run(ReflectiveCallable.java:15)
	at org.junit.runners.model.FrameworkMethod.invokeExplosively(FrameworkMethod.java:41)
	at org.junit.internal.runners.statements.InvokeMethod.evaluate(InvokeMethod.java:20)
	at org.junit.internal.runners.statements.RunBefores.evaluate(RunBefores.java:28)
	at org.junit.internal.runners.statements.RunAfters.evaluate(RunAfters.java:31)
	at org.junit.runners.BlockJUnit4ClassRunner.runChild(BlockJUnit4ClassRunner.java:76)
	at org.junit.runners.BlockJUnit4ClassRunner.runChild(BlockJUnit4ClassRunner.java:50)
	at org.junit.runners.ParentRunner$3.run(ParentRunner.java:193)
	at org.junit.runners.ParentRunner$1.schedule(ParentRunner.java:52)
	at org.junit.runners.ParentRunner.runChildren(ParentRunner.java:191)
	at org.junit.runners.ParentRunner.access$000(ParentRunner.java:42)
	at org.junit.runners.ParentRunner$2.evaluate(ParentRunner.java:184)
	at org.junit.runners.ParentRunner.run(ParentRunner.java:236)
	at org.apache.maven.surefire.junit4.JUnit4TestSet.execute(JUnit4TestSet.java:62)
	at org.apache.maven.surefire.suite.AbstractDirectoryTestSuite.executeTestSet(AbstractDirectoryTestSuite.java:140)
	at org.apache.maven.surefire.suite.AbstractDirectoryTestSuite.execute(AbstractDirectoryTestSuite.java:127)
	at org.apache.maven.surefire.Surefire.run(Surefire.java:177)
	at sun.reflect.NativeMethodAccessorImpl.invoke0(Native Method)
	at sun.reflect.NativeMethodAccessorImpl.invoke(NativeMethodAccessorImpl.java:39)
	at sun.reflect.DelegatingMethodAccessorImpl.invoke(DelegatingMethodAccessorImpl.java:25)
	at java.lang.reflect.Method.invoke(Method.java:597)
	at org.apache.maven.surefire.booter.SurefireBooter.runSuitesInProcess(SurefireBooter.java:338)
	at org.apache.maven.surefire.booter.SurefireBooter.main(SurefireBooter.java:997)
</error>
    <system-out>12:50:26.087 [main] INFO  m.p.c.c.CassandraHostRetryService - Downed Host Retry service started with queue size -1 and retry delay 10s
12:50:26.134 [main] DEBUG m.p.c.connection.HThriftClient - Transport open status false for client CassandraClient&lt;cer69-saeint2.cer69.recouv:9160-1&gt;
12:50:26.134 [main] DEBUG m.p.c.connection.HThriftClient - Creating a new thrift connection to cer69-saeint2.cer69.recouv(10.3.21.125):9160
12:50:27.227 [main] DEBUG m.p.c.connection.HThriftClient - Unable to open transport to cer69-saeint2.cer69.recouv(10.3.21.125):9160
12:50:27.227 [main] ERROR m.p.c.connection.HConnectionManager - Could not start connection pool for host cer69-saeint2.cer69.recouv(10.3.21.125):9160
12:50:27.227 [main] INFO  m.p.c.c.CassandraHostRetryService - Host detected as down was added to retry queue: cer69-saeint2.cer69.recouv(10.3.21.125):9160
12:50:27.290 [main] INFO  m.p.cassandra.service.JmxMonitor - Registering JMX me.prettyprint.cassandra.service_Docubase:ServiceType=hector,MonitorType=hector
12:50:27.306 [main] WARN  m.p.cassandra.service.JmxMonitor - Unable to load log4j&apos;s DOMConfigurator. Performance counters will not be exported. To fix, include the log4j jar in your application&apos;s classpath.
12:50:27.368 [main] INFO  m.p.cassandra.hector.TimingLogger - start[1304419827368] time[0] tag[READ.fail_]
</system-out>
  </testcase>
  <testcase time="0" classname="fr.urssaf.hectotest.AppTest" name="testDumpDocuments">
    <error message="All host pools marked down. Retry burden pushed out to client." type="me.prettyprint.hector.api.exceptions.HectorException">me.prettyprint.hector.api.exceptions.HectorException: All host pools marked down. Retry burden pushed out to client.
	at me.prettyprint.cassandra.connection.HConnectionManager.getClientFromLBPolicy(HConnectionManager.java:308)
	at me.prettyprint.cassandra.connection.HConnectionManager.operateWithFailover(HConnectionManager.java:213)
	at me.prettyprint.cassandra.service.KeyspaceServiceImpl.operateWithFailover(KeyspaceServiceImpl.java:129)
	at me.prettyprint.cassandra.service.KeyspaceServiceImpl.getRangeSlices(KeyspaceServiceImpl.java:165)
	at me.prettyprint.cassandra.model.thrift.ThriftRangeSlicesQuery$1.doInKeyspace(ThriftRangeSlicesQuery.java:67)
	at me.prettyprint.cassandra.model.thrift.ThriftRangeSlicesQuery$1.doInKeyspace(ThriftRangeSlicesQuery.java:63)
	at me.prettyprint.cassandra.model.KeyspaceOperationCallback.doInKeyspaceAndMeasure(KeyspaceOperationCallback.java:20)
	at me.prettyprint.cassandra.model.ExecutingKeyspace.doExecute(ExecutingKeyspace.java:85)
	at me.prettyprint.cassandra.model.thrift.ThriftRangeSlicesQuery.execute(ThriftRangeSlicesQuery.java:62)
	at fr.urssaf.hectotest.AppTest.dumpCF(AppTest.java:153)
	at fr.urssaf.hectotest.AppTest.testDumpDocuments(AppTest.java:72)
	at sun.reflect.NativeMethodAccessorImpl.invoke0(Native Method)
	at sun.reflect.NativeMethodAccessorImpl.invoke(NativeMethodAccessorImpl.java:39)
	at sun.reflect.DelegatingMethodAccessorImpl.invoke(DelegatingMethodAccessorImpl.java:25)
	at java.lang.reflect.Method.invoke(Method.java:597)
	at org.junit.runners.model.FrameworkMethod$1.runReflectiveCall(FrameworkMethod.java:44)
	at org.junit.internal.runners.model.ReflectiveCallable.run(ReflectiveCallable.java:15)
	at org.junit.runners.model.FrameworkMethod.invokeExplosively(FrameworkMethod.java:41)
	at org.junit.internal.runners.statements.InvokeMethod.evaluate(InvokeMethod.java:20)
	at org.junit.internal.runners.statements.RunBefores.evaluate(RunBefores.java:28)
	at org.junit.internal.runners.statements.RunAfters.evaluate(RunAfters.java:31)
	at org.junit.runners.BlockJUnit4ClassRunner.runChild(BlockJUnit4ClassRunner.java:76)
	at org.junit.runners.BlockJUnit4ClassRunner.runChild(BlockJUnit4ClassRunner.java:50)
	at org.junit.runners.ParentRunner$3.run(ParentRunner.java:193)
	at org.junit.runners.ParentRunner$1.schedule(ParentRunner.java:52)
	at org.junit.runners.ParentRunner.runChildren(ParentRunner.java:191)
	at org.junit.runners.ParentRunner.access$000(ParentRunner.java:42)
	at org.junit.runners.ParentRunner$2.evaluate(ParentRunner.java:184)
	at org.junit.runners.ParentRunner.run(ParentRunner.java:236)
	at org.apache.maven.surefire.junit4.JUnit4TestSet.execute(JUnit4TestSet.java:62)
	at org.apache.maven.surefire.suite.AbstractDirectoryTestSuite.executeTestSet(AbstractDirectoryTestSuite.java:140)
	at org.apache.maven.surefire.suite.AbstractDirectoryTestSuite.execute(AbstractDirectoryTestSuite.java:127)
	at org.apache.maven.surefire.Surefire.run(Surefire.java:177)
	at sun.reflect.NativeMethodAccessorImpl.invoke0(Native Method)
	at sun.reflect.NativeMethodAccessorImpl.invoke(NativeMethodAccessorImpl.java:39)
	at sun.reflect.DelegatingMethodAccessorImpl.invoke(DelegatingMethodAccessorImpl.java:25)
	at java.lang.reflect.Method.invoke(Method.java:597)
	at org.apache.maven.surefire.booter.SurefireBooter.runSuitesInProcess(SurefireBooter.java:338)
	at org.apache.maven.surefire.booter.SurefireBooter.main(SurefireBooter.java:997)
</error>
    <system-out>12:50:27.384 [main] INFO  m.p.cassandra.hector.TimingLogger - start[1304419827384] time[0] tag[READ.fail_]
</system-out>
  </testcase>
  <testcase time="0" classname="fr.urssaf.hectotest.AppTest" name="testDumpTermInfo">
    <error message="All host pools marked down. Retry burden pushed out to client." type="me.prettyprint.hector.api.exceptions.HectorException">me.prettyprint.hector.api.exceptions.HectorException: All host pools marked down. Retry burden pushed out to client.
	at me.prettyprint.cassandra.connection.HConnectionManager.getClientFromLBPolicy(HConnectionManager.java:308)
	at me.prettyprint.cassandra.connection.HConnectionManager.operateWithFailover(HConnectionManager.java:213)
	at me.prettyprint.cassandra.service.KeyspaceServiceImpl.operateWithFailover(KeyspaceServiceImpl.java:129)
	at me.prettyprint.cassandra.service.KeyspaceServiceImpl.getRangeSlices(KeyspaceServiceImpl.java:165)
	at me.prettyprint.cassandra.model.thrift.ThriftRangeSlicesQuery$1.doInKeyspace(ThriftRangeSlicesQuery.java:67)
	at me.prettyprint.cassandra.model.thrift.ThriftRangeSlicesQuery$1.doInKeyspace(ThriftRangeSlicesQuery.java:63)
	at me.prettyprint.cassandra.model.KeyspaceOperationCallback.doInKeyspaceAndMeasure(KeyspaceOperationCallback.java:20)
	at me.prettyprint.cassandra.model.ExecutingKeyspace.doExecute(ExecutingKeyspace.java:85)
	at me.prettyprint.cassandra.model.thrift.ThriftRangeSlicesQuery.execute(ThriftRangeSlicesQuery.java:62)
	at fr.urssaf.hectotest.AppTest.getKeys(AppTest.java:186)
	at fr.urssaf.hectotest.AppTest.dumpSCF(AppTest.java:199)
	at fr.urssaf.hectotest.AppTest.testDumpTermInfo(AppTest.java:77)
	at sun.reflect.NativeMethodAccessorImpl.invoke0(Native Method)
	at sun.reflect.NativeMethodAccessorImpl.invoke(NativeMethodAccessorImpl.java:39)
	at sun.reflect.DelegatingMethodAccessorImpl.invoke(DelegatingMethodAccessorImpl.java:25)
	at java.lang.reflect.Method.invoke(Method.java:597)
	at org.junit.runners.model.FrameworkMethod$1.runReflectiveCall(FrameworkMethod.java:44)
	at org.junit.internal.runners.model.ReflectiveCallable.run(ReflectiveCallable.java:15)
	at org.junit.runners.model.FrameworkMethod.invokeExplosively(FrameworkMethod.java:41)
	at org.junit.internal.runners.statements.InvokeMethod.evaluate(InvokeMethod.java:20)
	at org.junit.internal.runners.statements.RunBefores.evaluate(RunBefores.java:28)
	at org.junit.internal.runners.statements.RunAfters.evaluate(RunAfters.java:31)
	at org.junit.runners.BlockJUnit4ClassRunner.runChild(BlockJUnit4ClassRunner.java:76)
	at org.junit.runners.BlockJUnit4ClassRunner.runChild(BlockJUnit4ClassRunner.java:50)
	at org.junit.runners.ParentRunner$3.run(ParentRunner.java:193)
	at org.junit.runners.ParentRunner$1.schedule(ParentRunner.java:52)
	at org.junit.runners.ParentRunner.runChildren(ParentRunner.java:191)
	at org.junit.runners.ParentRunner.access$000(ParentRunner.java:42)
	at org.junit.runners.ParentRunner$2.evaluate(ParentRunner.java:184)
	at org.junit.runners.ParentRunner.run(ParentRunner.java:236)
	at org.apache.maven.surefire.junit4.JUnit4TestSet.execute(JUnit4TestSet.java:62)
	at org.apache.maven.surefire.suite.AbstractDirectoryTestSuite.executeTestSet(AbstractDirectoryTestSuite.java:140)
	at org.apache.maven.surefire.suite.AbstractDirectoryTestSuite.execute(AbstractDirectoryTestSuite.java:127)
	at org.apache.maven.surefire.Surefire.run(Surefire.java:177)
	at sun.reflect.NativeMethodAccessorImpl.invoke0(Native Method)
	at sun.reflect.NativeMethodAccessorImpl.invoke(NativeMethodAccessorImpl.java:39)
	at sun.reflect.DelegatingMethodAccessorImpl.invoke(DelegatingMethodAccessorImpl.java:25)
	at java.lang.reflect.Method.invoke(Method.java:597)
	at org.apache.maven.surefire.booter.SurefireBooter.runSuitesInProcess(SurefireBooter.java:338)
	at org.apache.maven.surefire.booter.SurefireBooter.main(SurefireBooter.java:997)
</error>
    <system-out>12:50:27.384 [main] INFO  m.p.cassandra.hector.TimingLogger - start[1304419827384] time[0] tag[READ.fail_]
</system-out>
  </testcase>
  <testcase time="0" classname="fr.urssaf.hectotest.AppTest" name="testDumpNotes">
    <error message="All host pools marked down. Retry burden pushed out to client." type="me.prettyprint.hector.api.exceptions.HectorException">me.prettyprint.hector.api.exceptions.HectorException: All host pools marked down. Retry burden pushed out to client.
	at me.prettyprint.cassandra.connection.HConnectionManager.getClientFromLBPolicy(HConnectionManager.java:308)
	at me.prettyprint.cassandra.connection.HConnectionManager.operateWithFailover(HConnectionManager.java:213)
	at me.prettyprint.cassandra.service.KeyspaceServiceImpl.operateWithFailover(KeyspaceServiceImpl.java:129)
	at me.prettyprint.cassandra.service.KeyspaceServiceImpl.getRangeSlices(KeyspaceServiceImpl.java:165)
	at me.prettyprint.cassandra.model.thrift.ThriftRangeSlicesQuery$1.doInKeyspace(ThriftRangeSlicesQuery.java:67)
	at me.prettyprint.cassandra.model.thrift.ThriftRangeSlicesQuery$1.doInKeyspace(ThriftRangeSlicesQuery.java:63)
	at me.prettyprint.cassandra.model.KeyspaceOperationCallback.doInKeyspaceAndMeasure(KeyspaceOperationCallback.java:20)
	at me.prettyprint.cassandra.model.ExecutingKeyspace.doExecute(ExecutingKeyspace.java:85)
	at me.prettyprint.cassandra.model.thrift.ThriftRangeSlicesQuery.execute(ThriftRangeSlicesQuery.java:62)
	at fr.urssaf.hectotest.AppTest.dumpCF(AppTest.java:153)
	at fr.urssaf.hectotest.AppTest.testDumpNotes(AppTest.java:82)
	at sun.reflect.NativeMethodAccessorImpl.invoke0(Native Method)
	at sun.reflect.NativeMethodAccessorImpl.invoke(NativeMethodAccessorImpl.java:39)
	at sun.reflect.DelegatingMethodAccessorImpl.invoke(DelegatingMethodAccessorImpl.java:25)
	at java.lang.reflect.Method.invoke(Method.java:597)
	at org.junit.runners.model.FrameworkMethod$1.runReflectiveCall(FrameworkMethod.java:44)
	at org.junit.internal.runners.model.ReflectiveCallable.run(ReflectiveCallable.java:15)
	at org.junit.runners.model.FrameworkMethod.invokeExplosively(FrameworkMethod.java:41)
	at org.junit.internal.runners.statements.InvokeMethod.evaluate(InvokeMethod.java:20)
	at org.junit.internal.runners.statements.RunBefores.evaluate(RunBefores.java:28)
	at org.junit.internal.runners.statements.RunAfters.evaluate(RunAfters.java:31)
	at org.junit.runners.BlockJUnit4ClassRunner.runChild(BlockJUnit4ClassRunner.java:76)
	at org.junit.runners.BlockJUnit4ClassRunner.runChild(BlockJUnit4ClassRunner.java:50)
	at org.junit.runners.ParentRunner$3.run(ParentRunner.java:193)
	at org.junit.runners.ParentRunner$1.schedule(ParentRunner.java:52)
	at org.junit.runners.ParentRunner.runChildren(ParentRunner.java:191)
	at org.junit.runners.ParentRunner.access$000(ParentRunner.java:42)
	at org.junit.runners.ParentRunner$2.evaluate(ParentRunner.java:184)
	at org.junit.runners.ParentRunner.run(ParentRunner.java:236)
	at org.apache.maven.surefire.junit4.JUnit4TestSet.execute(JUnit4TestSet.java:62)
	at org.apache.maven.surefire.suite.AbstractDirectoryTestSuite.executeTestSet(AbstractDirectoryTestSuite.java:140)
	at org.apache.maven.surefire.suite.AbstractDirectoryTestSuite.execute(AbstractDirectoryTestSuite.java:127)
	at org.apache.maven.surefire.Surefire.run(Surefire.java:177)
	at sun.reflect.NativeMethodAccessorImpl.invoke0(Native Method)
	at sun.reflect.NativeMethodAccessorImpl.invoke(NativeMethodAccessorImpl.java:39)
	at sun.reflect.DelegatingMethodAccessorImpl.invoke(DelegatingMethodAccessorImpl.java:25)
	at java.lang.reflect.Method.invoke(Method.java:597)
	at org.apache.maven.surefire.booter.SurefireBooter.runSuitesInProcess(SurefireBooter.java:338)
	at org.apache.maven.surefire.booter.SurefireBooter.main(SurefireBooter.java:997)
</error>
    <system-out>12:50:27.384 [main] INFO  m.p.cassandra.hector.TimingLogger - start[1304419827384] time[0] tag[READ.fail_]
</system-out>
  </testcase>
  <testcase time="0" classname="fr.urssaf.hectotest.AppTest" name="testDumpAnnotations">
    <error message="All host pools marked down. Retry burden pushed out to client." type="me.prettyprint.hector.api.exceptions.HectorException">me.prettyprint.hector.api.exceptions.HectorException: All host pools marked down. Retry burden pushed out to client.
	at me.prettyprint.cassandra.connection.HConnectionManager.getClientFromLBPolicy(HConnectionManager.java:308)
	at me.prettyprint.cassandra.connection.HConnectionManager.operateWithFailover(HConnectionManager.java:213)
	at me.prettyprint.cassandra.service.KeyspaceServiceImpl.operateWithFailover(KeyspaceServiceImpl.java:129)
	at me.prettyprint.cassandra.service.KeyspaceServiceImpl.getRangeSlices(KeyspaceServiceImpl.java:165)
	at me.prettyprint.cassandra.model.thrift.ThriftRangeSlicesQuery$1.doInKeyspace(ThriftRangeSlicesQuery.java:67)
	at me.prettyprint.cassandra.model.thrift.ThriftRangeSlicesQuery$1.doInKeyspace(ThriftRangeSlicesQuery.java:63)
	at me.prettyprint.cassandra.model.KeyspaceOperationCallback.doInKeyspaceAndMeasure(KeyspaceOperationCallback.java:20)
	at me.prettyprint.cassandra.model.ExecutingKeyspace.doExecute(ExecutingKeyspace.java:85)
	at me.prettyprint.cassandra.model.thrift.ThriftRangeSlicesQuery.execute(ThriftRangeSlicesQuery.java:62)
	at fr.urssaf.hectotest.AppTest.dumpCF(AppTest.java:153)
	at fr.urssaf.hectotest.AppTest.testDumpAnnotations(AppTest.java:87)
	at sun.reflect.NativeMethodAccessorImpl.invoke0(Native Method)
	at sun.reflect.NativeMethodAccessorImpl.invoke(NativeMethodAccessorImpl.java:39)
	at sun.reflect.DelegatingMethodAccessorImpl.invoke(DelegatingMethodAccessorImpl.java:25)
	at java.lang.reflect.Method.invoke(Method.java:597)
	at org.junit.runners.model.FrameworkMethod$1.runReflectiveCall(FrameworkMethod.java:44)
	at org.junit.internal.runners.model.ReflectiveCallable.run(ReflectiveCallable.java:15)
	at org.junit.runners.model.FrameworkMethod.invokeExplosively(FrameworkMethod.java:41)
	at org.junit.internal.runners.statements.InvokeMethod.evaluate(InvokeMethod.java:20)
	at org.junit.internal.runners.statements.RunBefores.evaluate(RunBefores.java:28)
	at org.junit.internal.runners.statements.RunAfters.evaluate(RunAfters.java:31)
	at org.junit.runners.BlockJUnit4ClassRunner.runChild(BlockJUnit4ClassRunner.java:76)
	at org.junit.runners.BlockJUnit4ClassRunner.runChild(BlockJUnit4ClassRunner.java:50)
	at org.junit.runners.ParentRunner$3.run(ParentRunner.java:193)
	at org.junit.runners.ParentRunner$1.schedule(ParentRunner.java:52)
	at org.junit.runners.ParentRunner.runChildren(ParentRunner.java:191)
	at org.junit.runners.ParentRunner.access$000(ParentRunner.java:42)
	at org.junit.runners.ParentRunner$2.evaluate(ParentRunner.java:184)
	at org.junit.runners.ParentRunner.run(ParentRunner.java:236)
	at org.apache.maven.surefire.junit4.JUnit4TestSet.execute(JUnit4TestSet.java:62)
	at org.apache.maven.surefire.suite.AbstractDirectoryTestSuite.executeTestSet(AbstractDirectoryTestSuite.java:140)
	at org.apache.maven.surefire.suite.AbstractDirectoryTestSuite.execute(AbstractDirectoryTestSuite.java:127)
	at org.apache.maven.surefire.Surefire.run(Surefire.java:177)
	at sun.reflect.NativeMethodAccessorImpl.invoke0(Native Method)
	at sun.reflect.NativeMethodAccessorImpl.invoke(NativeMethodAccessorImpl.java:39)
	at sun.reflect.DelegatingMethodAccessorImpl.invoke(DelegatingMethodAccessorImpl.java:25)
	at java.lang.reflect.Method.invoke(Method.java:597)
	at org.apache.maven.surefire.booter.SurefireBooter.runSuitesInProcess(SurefireBooter.java:338)
	at org.apache.maven.surefire.booter.SurefireBooter.main(SurefireBooter.java:997)
</error>
    <system-out>12:50:27.384 [main] INFO  m.p.cassandra.hector.TimingLogger - start[1304419827384] time[0] tag[READ.fail_]
</system-out>
  </testcase>
  <testcase time="0" classname="fr.urssaf.hectotest.AppTest" name="testDumpRecordManager">
    <error message="All host pools marked down. Retry burden pushed out to client." type="me.prettyprint.hector.api.exceptions.HectorException">me.prettyprint.hector.api.exceptions.HectorException: All host pools marked down. Retry burden pushed out to client.
	at me.prettyprint.cassandra.connection.HConnectionManager.getClientFromLBPolicy(HConnectionManager.java:308)
	at me.prettyprint.cassandra.connection.HConnectionManager.operateWithFailover(HConnectionManager.java:213)
	at me.prettyprint.cassandra.service.KeyspaceServiceImpl.operateWithFailover(KeyspaceServiceImpl.java:129)
	at me.prettyprint.cassandra.service.KeyspaceServiceImpl.getRangeSlices(KeyspaceServiceImpl.java:165)
	at me.prettyprint.cassandra.model.thrift.ThriftRangeSlicesQuery$1.doInKeyspace(ThriftRangeSlicesQuery.java:67)
	at me.prettyprint.cassandra.model.thrift.ThriftRangeSlicesQuery$1.doInKeyspace(ThriftRangeSlicesQuery.java:63)
	at me.prettyprint.cassandra.model.KeyspaceOperationCallback.doInKeyspaceAndMeasure(KeyspaceOperationCallback.java:20)
	at me.prettyprint.cassandra.model.ExecutingKeyspace.doExecute(ExecutingKeyspace.java:85)
	at me.prettyprint.cassandra.model.thrift.ThriftRangeSlicesQuery.execute(ThriftRangeSlicesQuery.java:62)
	at fr.urssaf.hectotest.AppTest.getKeys(AppTest.java:186)
	at fr.urssaf.hectotest.AppTest.dumpSCF(AppTest.java:199)
	at fr.urssaf.hectotest.AppTest.testDumpRecordManager(AppTest.java:92)
	at sun.reflect.NativeMethodAccessorImpl.invoke0(Native Method)
	at sun.reflect.NativeMethodAccessorImpl.invoke(NativeMethodAccessorImpl.java:39)
	at sun.reflect.DelegatingMethodAccessorImpl.invoke(DelegatingMethodAccessorImpl.java:25)
	at java.lang.reflect.Method.invoke(Method.java:597)
	at org.junit.runners.model.FrameworkMethod$1.runReflectiveCall(FrameworkMethod.java:44)
	at org.junit.internal.runners.model.ReflectiveCallable.run(ReflectiveCallable.java:15)
	at org.junit.runners.model.FrameworkMethod.invokeExplosively(FrameworkMethod.java:41)
	at org.junit.internal.runners.statements.InvokeMethod.evaluate(InvokeMethod.java:20)
	at org.junit.internal.runners.statements.RunBefores.evaluate(RunBefores.java:28)
	at org.junit.internal.runners.statements.RunAfters.evaluate(RunAfters.java:31)
	at org.junit.runners.BlockJUnit4ClassRunner.runChild(BlockJUnit4ClassRunner.java:76)
	at org.junit.runners.BlockJUnit4ClassRunner.runChild(BlockJUnit4ClassRunner.java:50)
	at org.junit.runners.ParentRunner$3.run(ParentRunner.java:193)
	at org.junit.runners.ParentRunner$1.schedule(ParentRunner.java:52)
	at org.junit.runners.ParentRunner.runChildren(ParentRunner.java:191)
	at org.junit.runners.ParentRunner.access$000(ParentRunner.java:42)
	at org.junit.runners.ParentRunner$2.evaluate(ParentRunner.java:184)
	at org.junit.runners.ParentRunner.run(ParentRunner.java:236)
	at org.apache.maven.surefire.junit4.JUnit4TestSet.execute(JUnit4TestSet.java:62)
	at org.apache.maven.surefire.suite.AbstractDirectoryTestSuite.executeTestSet(AbstractDirectoryTestSuite.java:140)
	at org.apache.maven.surefire.suite.AbstractDirectoryTestSuite.execute(AbstractDirectoryTestSuite.java:127)
	at org.apache.maven.surefire.Surefire.run(Surefire.java:177)
	at sun.reflect.NativeMethodAccessorImpl.invoke0(Native Method)
	at sun.reflect.NativeMethodAccessorImpl.invoke(NativeMethodAccessorImpl.java:39)
	at sun.reflect.DelegatingMethodAccessorImpl.invoke(DelegatingMethodAccessorImpl.java:25)
	at java.lang.reflect.Method.invoke(Method.java:597)
	at org.apache.maven.surefire.booter.SurefireBooter.runSuitesInProcess(SurefireBooter.java:338)
	at org.apache.maven.surefire.booter.SurefireBooter.main(SurefireBooter.java:997)
</error>
    <system-out>12:50:27.384 [main] INFO  m.p.cassandra.hector.TimingLogger - start[1304419827384] time[0] tag[READ.fail_]
</system-out>
  </testcase>
  <testcase time="0" classname="fr.urssaf.hectotest.AppTest" name="testDumpRecordManagerRef">
    <error message="All host pools marked down. Retry burden pushed out to client." type="me.prettyprint.hector.api.exceptions.HectorException">me.prettyprint.hector.api.exceptions.HectorException: All host pools marked down. Retry burden pushed out to client.
	at me.prettyprint.cassandra.connection.HConnectionManager.getClientFromLBPolicy(HConnectionManager.java:308)
	at me.prettyprint.cassandra.connection.HConnectionManager.operateWithFailover(HConnectionManager.java:213)
	at me.prettyprint.cassandra.service.KeyspaceServiceImpl.operateWithFailover(KeyspaceServiceImpl.java:129)
	at me.prettyprint.cassandra.service.KeyspaceServiceImpl.getRangeSlices(KeyspaceServiceImpl.java:165)
	at me.prettyprint.cassandra.model.thrift.ThriftRangeSlicesQuery$1.doInKeyspace(ThriftRangeSlicesQuery.java:67)
	at me.prettyprint.cassandra.model.thrift.ThriftRangeSlicesQuery$1.doInKeyspace(ThriftRangeSlicesQuery.java:63)
	at me.prettyprint.cassandra.model.KeyspaceOperationCallback.doInKeyspaceAndMeasure(KeyspaceOperationCallback.java:20)
	at me.prettyprint.cassandra.model.ExecutingKeyspace.doExecute(ExecutingKeyspace.java:85)
	at me.prettyprint.cassandra.model.thrift.ThriftRangeSlicesQuery.execute(ThriftRangeSlicesQuery.java:62)
	at fr.urssaf.hectotest.AppTest.dumpCF(AppTest.java:153)
	at fr.urssaf.hectotest.AppTest.testDumpRecordManagerRef(AppTest.java:97)
	at sun.reflect.NativeMethodAccessorImpl.invoke0(Native Method)
	at sun.reflect.NativeMethodAccessorImpl.invoke(NativeMethodAccessorImpl.java:39)
	at sun.reflect.DelegatingMethodAccessorImpl.invoke(DelegatingMethodAccessorImpl.java:25)
	at java.lang.reflect.Method.invoke(Method.java:597)
	at org.junit.runners.model.FrameworkMethod$1.runReflectiveCall(FrameworkMethod.java:44)
	at org.junit.internal.runners.model.ReflectiveCallable.run(ReflectiveCallable.java:15)
	at org.junit.runners.model.FrameworkMethod.invokeExplosively(FrameworkMethod.java:41)
	at org.junit.internal.runners.statements.InvokeMethod.evaluate(InvokeMethod.java:20)
	at org.junit.internal.runners.statements.RunBefores.evaluate(RunBefores.java:28)
	at org.junit.internal.runners.statements.RunAfters.evaluate(RunAfters.java:31)
	at org.junit.runners.BlockJUnit4ClassRunner.runChild(BlockJUnit4ClassRunner.java:76)
	at org.junit.runners.BlockJUnit4ClassRunner.runChild(BlockJUnit4ClassRunner.java:50)
	at org.junit.runners.ParentRunner$3.run(ParentRunner.java:193)
	at org.junit.runners.ParentRunner$1.schedule(ParentRunner.java:52)
	at org.junit.runners.ParentRunner.runChildren(ParentRunner.java:191)
	at org.junit.runners.ParentRunner.access$000(ParentRunner.java:42)
	at org.junit.runners.ParentRunner$2.evaluate(ParentRunner.java:184)
	at org.junit.runners.ParentRunner.run(ParentRunner.java:236)
	at org.apache.maven.surefire.junit4.JUnit4TestSet.execute(JUnit4TestSet.java:62)
	at org.apache.maven.surefire.suite.AbstractDirectoryTestSuite.executeTestSet(AbstractDirectoryTestSuite.java:140)
	at org.apache.maven.surefire.suite.AbstractDirectoryTestSuite.execute(AbstractDirectoryTestSuite.java:127)
	at org.apache.maven.surefire.Surefire.run(Surefire.java:177)
	at sun.reflect.NativeMethodAccessorImpl.invoke0(Native Method)
	at sun.reflect.NativeMethodAccessorImpl.invoke(NativeMethodAccessorImpl.java:39)
	at sun.reflect.DelegatingMethodAccessorImpl.invoke(DelegatingMethodAccessorImpl.java:25)
	at java.lang.reflect.Method.invoke(Method.java:597)
	at org.apache.maven.surefire.booter.SurefireBooter.runSuitesInProcess(SurefireBooter.java:338)
	at org.apache.maven.surefire.booter.SurefireBooter.main(SurefireBooter.java:997)
</error>
    <system-out>12:50:27.384 [main] INFO  m.p.cassandra.hector.TimingLogger - start[1304419827384] time[0] tag[READ.fail_]
</system-out>
  </testcase>
  <testcase time="0" classname="fr.urssaf.hectotest.AppTest" name="testDumpRecordManagerArchive">
    <error message="All host pools marked down. Retry burden pushed out to client." type="me.prettyprint.hector.api.exceptions.HectorException">me.prettyprint.hector.api.exceptions.HectorException: All host pools marked down. Retry burden pushed out to client.
	at me.prettyprint.cassandra.connection.HConnectionManager.getClientFromLBPolicy(HConnectionManager.java:308)
	at me.prettyprint.cassandra.connection.HConnectionManager.operateWithFailover(HConnectionManager.java:213)
	at me.prettyprint.cassandra.service.KeyspaceServiceImpl.operateWithFailover(KeyspaceServiceImpl.java:129)
	at me.prettyprint.cassandra.service.KeyspaceServiceImpl.getRangeSlices(KeyspaceServiceImpl.java:165)
	at me.prettyprint.cassandra.model.thrift.ThriftRangeSlicesQuery$1.doInKeyspace(ThriftRangeSlicesQuery.java:67)
	at me.prettyprint.cassandra.model.thrift.ThriftRangeSlicesQuery$1.doInKeyspace(ThriftRangeSlicesQuery.java:63)
	at me.prettyprint.cassandra.model.KeyspaceOperationCallback.doInKeyspaceAndMeasure(KeyspaceOperationCallback.java:20)
	at me.prettyprint.cassandra.model.ExecutingKeyspace.doExecute(ExecutingKeyspace.java:85)
	at me.prettyprint.cassandra.model.thrift.ThriftRangeSlicesQuery.execute(ThriftRangeSlicesQuery.java:62)
	at fr.urssaf.hectotest.AppTest.dumpCF(AppTest.java:153)
	at fr.urssaf.hectotest.AppTest.testDumpRecordManagerArchive(AppTest.java:102)
	at sun.reflect.NativeMethodAccessorImpl.invoke0(Native Method)
	at sun.reflect.NativeMethodAccessorImpl.invoke(NativeMethodAccessorImpl.java:39)
	at sun.reflect.DelegatingMethodAccessorImpl.invoke(DelegatingMethodAccessorImpl.java:25)
	at java.lang.reflect.Method.invoke(Method.java:597)
	at org.junit.runners.model.FrameworkMethod$1.runReflectiveCall(FrameworkMethod.java:44)
	at org.junit.internal.runners.model.ReflectiveCallable.run(ReflectiveCallable.java:15)
	at org.junit.runners.model.FrameworkMethod.invokeExplosively(FrameworkMethod.java:41)
	at org.junit.internal.runners.statements.InvokeMethod.evaluate(InvokeMethod.java:20)
	at org.junit.internal.runners.statements.RunBefores.evaluate(RunBefores.java:28)
	at org.junit.internal.runners.statements.RunAfters.evaluate(RunAfters.java:31)
	at org.junit.runners.BlockJUnit4ClassRunner.runChild(BlockJUnit4ClassRunner.java:76)
	at org.junit.runners.BlockJUnit4ClassRunner.runChild(BlockJUnit4ClassRunner.java:50)
	at org.junit.runners.ParentRunner$3.run(ParentRunner.java:193)
	at org.junit.runners.ParentRunner$1.schedule(ParentRunner.java:52)
	at org.junit.runners.ParentRunner.runChildren(ParentRunner.java:191)
	at org.junit.runners.ParentRunner.access$000(ParentRunner.java:42)
	at org.junit.runners.ParentRunner$2.evaluate(ParentRunner.java:184)
	at org.junit.runners.ParentRunner.run(ParentRunner.java:236)
	at org.apache.maven.surefire.junit4.JUnit4TestSet.execute(JUnit4TestSet.java:62)
	at org.apache.maven.surefire.suite.AbstractDirectoryTestSuite.executeTestSet(AbstractDirectoryTestSuite.java:140)
	at org.apache.maven.surefire.suite.AbstractDirectoryTestSuite.execute(AbstractDirectoryTestSuite.java:127)
	at org.apache.maven.surefire.Surefire.run(Surefire.java:177)
	at sun.reflect.NativeMethodAccessorImpl.invoke0(Native Method)
	at sun.reflect.NativeMethodAccessorImpl.invoke(NativeMethodAccessorImpl.java:39)
	at sun.reflect.DelegatingMethodAccessorImpl.invoke(DelegatingMethodAccessorImpl.java:25)
	at java.lang.reflect.Method.invoke(Method.java:597)
	at org.apache.maven.surefire.booter.SurefireBooter.runSuitesInProcess(SurefireBooter.java:338)
	at org.apache.maven.surefire.booter.SurefireBooter.main(SurefireBooter.java:997)
</error>
    <system-out>12:50:27.384 [main] INFO  m.p.cassandra.hector.TimingLogger - start[1304419827384] time[0] tag[READ.fail_]
</system-out>
  </testcase>
  <testcase time="0.015" classname="fr.urssaf.hectotest.AppTest" name="testDumpBaseCategoriesReference">
    <error message="All host pools marked down. Retry burden pushed out to client." type="me.prettyprint.hector.api.exceptions.HectorException">me.prettyprint.hector.api.exceptions.HectorException: All host pools marked down. Retry burden pushed out to client.
	at me.prettyprint.cassandra.connection.HConnectionManager.getClientFromLBPolicy(HConnectionManager.java:308)
	at me.prettyprint.cassandra.connection.HConnectionManager.operateWithFailover(HConnectionManager.java:213)
	at me.prettyprint.cassandra.service.KeyspaceServiceImpl.operateWithFailover(KeyspaceServiceImpl.java:129)
	at me.prettyprint.cassandra.service.KeyspaceServiceImpl.getRangeSlices(KeyspaceServiceImpl.java:165)
	at me.prettyprint.cassandra.model.thrift.ThriftRangeSlicesQuery$1.doInKeyspace(ThriftRangeSlicesQuery.java:67)
	at me.prettyprint.cassandra.model.thrift.ThriftRangeSlicesQuery$1.doInKeyspace(ThriftRangeSlicesQuery.java:63)
	at me.prettyprint.cassandra.model.KeyspaceOperationCallback.doInKeyspaceAndMeasure(KeyspaceOperationCallback.java:20)
	at me.prettyprint.cassandra.model.ExecutingKeyspace.doExecute(ExecutingKeyspace.java:85)
	at me.prettyprint.cassandra.model.thrift.ThriftRangeSlicesQuery.execute(ThriftRangeSlicesQuery.java:62)
	at fr.urssaf.hectotest.AppTest.dumpCF(AppTest.java:153)
	at fr.urssaf.hectotest.AppTest.testDumpBaseCategoriesReference(AppTest.java:107)
	at sun.reflect.NativeMethodAccessorImpl.invoke0(Native Method)
	at sun.reflect.NativeMethodAccessorImpl.invoke(NativeMethodAccessorImpl.java:39)
	at sun.reflect.DelegatingMethodAccessorImpl.invoke(DelegatingMethodAccessorImpl.java:25)
	at java.lang.reflect.Method.invoke(Method.java:597)
	at org.junit.runners.model.FrameworkMethod$1.runReflectiveCall(FrameworkMethod.java:44)
	at org.junit.internal.runners.model.ReflectiveCallable.run(ReflectiveCallable.java:15)
	at org.junit.runners.model.FrameworkMethod.invokeExplosively(FrameworkMethod.java:41)
	at org.junit.internal.runners.statements.InvokeMethod.evaluate(InvokeMethod.java:20)
	at org.junit.internal.runners.statements.RunBefores.evaluate(RunBefores.java:28)
	at org.junit.internal.runners.statements.RunAfters.evaluate(RunAfters.java:31)
	at org.junit.runners.BlockJUnit4ClassRunner.runChild(BlockJUnit4ClassRunner.java:76)
	at org.junit.runners.BlockJUnit4ClassRunner.runChild(BlockJUnit4ClassRunner.java:50)
	at org.junit.runners.ParentRunner$3.run(ParentRunner.java:193)
	at org.junit.runners.ParentRunner$1.schedule(ParentRunner.java:52)
	at org.junit.runners.ParentRunner.runChildren(ParentRunner.java:191)
	at org.junit.runners.ParentRunner.access$000(ParentRunner.java:42)
	at org.junit.runners.ParentRunner$2.evaluate(ParentRunner.java:184)
	at org.junit.runners.ParentRunner.run(ParentRunner.java:236)
	at org.apache.maven.surefire.junit4.JUnit4TestSet.execute(JUnit4TestSet.java:62)
	at org.apache.maven.surefire.suite.AbstractDirectoryTestSuite.executeTestSet(AbstractDirectoryTestSuite.java:140)
	at org.apache.maven.surefire.suite.AbstractDirectoryTestSuite.execute(AbstractDirectoryTestSuite.java:127)
	at org.apache.maven.surefire.Surefire.run(Surefire.java:177)
	at sun.reflect.NativeMethodAccessorImpl.invoke0(Native Method)
	at sun.reflect.NativeMethodAccessorImpl.invoke(NativeMethodAccessorImpl.java:39)
	at sun.reflect.DelegatingMethodAccessorImpl.invoke(DelegatingMethodAccessorImpl.java:25)
	at java.lang.reflect.Method.invoke(Method.java:597)
	at org.apache.maven.surefire.booter.SurefireBooter.runSuitesInProcess(SurefireBooter.java:338)
	at org.apache.maven.surefire.booter.SurefireBooter.main(SurefireBooter.java:997)
</error>
    <system-out>12:50:27.384 [main] INFO  m.p.cassandra.hector.TimingLogger - start[1304419827384] time[0] tag[READ.fail_]
</system-out>
  </testcase>
  <testcase time="0" classname="fr.urssaf.hectotest.AppTest" name="testDumpCategoriesReference">
    <error message="All host pools marked down. Retry burden pushed out to client." type="me.prettyprint.hector.api.exceptions.HectorException">me.prettyprint.hector.api.exceptions.HectorException: All host pools marked down. Retry burden pushed out to client.
	at me.prettyprint.cassandra.connection.HConnectionManager.getClientFromLBPolicy(HConnectionManager.java:308)
	at me.prettyprint.cassandra.connection.HConnectionManager.operateWithFailover(HConnectionManager.java:213)
	at me.prettyprint.cassandra.service.KeyspaceServiceImpl.operateWithFailover(KeyspaceServiceImpl.java:129)
	at me.prettyprint.cassandra.service.KeyspaceServiceImpl.getRangeSlices(KeyspaceServiceImpl.java:165)
	at me.prettyprint.cassandra.model.thrift.ThriftRangeSlicesQuery$1.doInKeyspace(ThriftRangeSlicesQuery.java:67)
	at me.prettyprint.cassandra.model.thrift.ThriftRangeSlicesQuery$1.doInKeyspace(ThriftRangeSlicesQuery.java:63)
	at me.prettyprint.cassandra.model.KeyspaceOperationCallback.doInKeyspaceAndMeasure(KeyspaceOperationCallback.java:20)
	at me.prettyprint.cassandra.model.ExecutingKeyspace.doExecute(ExecutingKeyspace.java:85)
	at me.prettyprint.cassandra.model.thrift.ThriftRangeSlicesQuery.execute(ThriftRangeSlicesQuery.java:62)
	at fr.urssaf.hectotest.AppTest.dumpCF(AppTest.java:153)
	at fr.urssaf.hectotest.AppTest.testDumpCategoriesReference(AppTest.java:112)
	at sun.reflect.NativeMethodAccessorImpl.invoke0(Native Method)
	at sun.reflect.NativeMethodAccessorImpl.invoke(NativeMethodAccessorImpl.java:39)
	at sun.reflect.DelegatingMethodAccessorImpl.invoke(DelegatingMethodAccessorImpl.java:25)
	at java.lang.reflect.Method.invoke(Method.java:597)
	at org.junit.runners.model.FrameworkMethod$1.runReflectiveCall(FrameworkMethod.java:44)
	at org.junit.internal.runners.model.ReflectiveCallable.run(ReflectiveCallable.java:15)
	at org.junit.runners.model.FrameworkMethod.invokeExplosively(FrameworkMethod.java:41)
	at org.junit.internal.runners.statements.InvokeMethod.evaluate(InvokeMethod.java:20)
	at org.junit.internal.runners.statements.RunBefores.evaluate(RunBefores.java:28)
	at org.junit.internal.runners.statements.RunAfters.evaluate(RunAfters.java:31)
	at org.junit.runners.BlockJUnit4ClassRunner.runChild(BlockJUnit4ClassRunner.java:76)
	at org.junit.runners.BlockJUnit4ClassRunner.runChild(BlockJUnit4ClassRunner.java:50)
	at org.junit.runners.ParentRunner$3.run(ParentRunner.java:193)
	at org.junit.runners.ParentRunner$1.schedule(ParentRunner.java:52)
	at org.junit.runners.ParentRunner.runChildren(ParentRunner.java:191)
	at org.junit.runners.ParentRunner.access$000(ParentRunner.java:42)
	at org.junit.runners.ParentRunner$2.evaluate(ParentRunner.java:184)
	at org.junit.runners.ParentRunner.run(ParentRunner.java:236)
	at org.apache.maven.surefire.junit4.JUnit4TestSet.execute(JUnit4TestSet.java:62)
	at org.apache.maven.surefire.suite.AbstractDirectoryTestSuite.executeTestSet(AbstractDirectoryTestSuite.java:140)
	at org.apache.maven.surefire.suite.AbstractDirectoryTestSuite.execute(AbstractDirectoryTestSuite.java:127)
	at org.apache.maven.surefire.Surefire.run(Surefire.java:177)
	at sun.reflect.NativeMethodAccessorImpl.invoke0(Native Method)
	at sun.reflect.NativeMethodAccessorImpl.invoke(NativeMethodAccessorImpl.java:39)
	at sun.reflect.DelegatingMethodAccessorImpl.invoke(DelegatingMethodAccessorImpl.java:25)
	at java.lang.reflect.Method.invoke(Method.java:597)
	at org.apache.maven.surefire.booter.SurefireBooter.runSuitesInProcess(SurefireBooter.java:338)
	at org.apache.maven.surefire.booter.SurefireBooter.main(SurefireBooter.java:997)
</error>
    <system-out>12:50:27.399 [main] INFO  m.p.cassandra.hector.TimingLogger - start[1304419827399] time[0] tag[READ.fail_]
</system-out>
  </testcase>
  <testcase time="0" classname="fr.urssaf.hectotest.AppTest" name="testDumpCompositeIndexesReference">
    <error message="All host pools marked down. Retry burden pushed out to client." type="me.prettyprint.hector.api.exceptions.HectorException">me.prettyprint.hector.api.exceptions.HectorException: All host pools marked down. Retry burden pushed out to client.
	at me.prettyprint.cassandra.connection.HConnectionManager.getClientFromLBPolicy(HConnectionManager.java:308)
	at me.prettyprint.cassandra.connection.HConnectionManager.operateWithFailover(HConnectionManager.java:213)
	at me.prettyprint.cassandra.service.KeyspaceServiceImpl.operateWithFailover(KeyspaceServiceImpl.java:129)
	at me.prettyprint.cassandra.service.KeyspaceServiceImpl.getRangeSlices(KeyspaceServiceImpl.java:165)
	at me.prettyprint.cassandra.model.thrift.ThriftRangeSlicesQuery$1.doInKeyspace(ThriftRangeSlicesQuery.java:67)
	at me.prettyprint.cassandra.model.thrift.ThriftRangeSlicesQuery$1.doInKeyspace(ThriftRangeSlicesQuery.java:63)
	at me.prettyprint.cassandra.model.KeyspaceOperationCallback.doInKeyspaceAndMeasure(KeyspaceOperationCallback.java:20)
	at me.prettyprint.cassandra.model.ExecutingKeyspace.doExecute(ExecutingKeyspace.java:85)
	at me.prettyprint.cassandra.model.thrift.ThriftRangeSlicesQuery.execute(ThriftRangeSlicesQuery.java:62)
	at fr.urssaf.hectotest.AppTest.dumpCF(AppTest.java:153)
	at fr.urssaf.hectotest.AppTest.testDumpCompositeIndexesReference(AppTest.java:117)
	at sun.reflect.NativeMethodAccessorImpl.invoke0(Native Method)
	at sun.reflect.NativeMethodAccessorImpl.invoke(NativeMethodAccessorImpl.java:39)
	at sun.reflect.DelegatingMethodAccessorImpl.invoke(DelegatingMethodAccessorImpl.java:25)
	at java.lang.reflect.Method.invoke(Method.java:597)
	at org.junit.runners.model.FrameworkMethod$1.runReflectiveCall(FrameworkMethod.java:44)
	at org.junit.internal.runners.model.ReflectiveCallable.run(ReflectiveCallable.java:15)
	at org.junit.runners.model.FrameworkMethod.invokeExplosively(FrameworkMethod.java:41)
	at org.junit.internal.runners.statements.InvokeMethod.evaluate(InvokeMethod.java:20)
	at org.junit.internal.runners.statements.RunBefores.evaluate(RunBefores.java:28)
	at org.junit.internal.runners.statements.RunAfters.evaluate(RunAfters.java:31)
	at org.junit.runners.BlockJUnit4ClassRunner.runChild(BlockJUnit4ClassRunner.java:76)
	at org.junit.runners.BlockJUnit4ClassRunner.runChild(BlockJUnit4ClassRunner.java:50)
	at org.junit.runners.ParentRunner$3.run(ParentRunner.java:193)
	at org.junit.runners.ParentRunner$1.schedule(ParentRunner.java:52)
	at org.junit.runners.ParentRunner.runChildren(ParentRunner.java:191)
	at org.junit.runners.ParentRunner.access$000(ParentRunner.java:42)
	at org.junit.runners.ParentRunner$2.evaluate(ParentRunner.java:184)
	at org.junit.runners.ParentRunner.run(ParentRunner.java:236)
	at org.apache.maven.surefire.junit4.JUnit4TestSet.execute(JUnit4TestSet.java:62)
	at org.apache.maven.surefire.suite.AbstractDirectoryTestSuite.executeTestSet(AbstractDirectoryTestSuite.java:140)
	at org.apache.maven.surefire.suite.AbstractDirectoryTestSuite.execute(AbstractDirectoryTestSuite.java:127)
	at org.apache.maven.surefire.Surefire.run(Surefire.java:177)
	at sun.reflect.NativeMethodAccessorImpl.invoke0(Native Method)
	at sun.reflect.NativeMethodAccessorImpl.invoke(NativeMethodAccessorImpl.java:39)
	at sun.reflect.DelegatingMethodAccessorImpl.invoke(DelegatingMethodAccessorImpl.java:25)
	at java.lang.reflect.Method.invoke(Method.java:597)
	at org.apache.maven.surefire.booter.SurefireBooter.runSuitesInProcess(SurefireBooter.java:338)
	at org.apache.maven.surefire.booter.SurefireBooter.main(SurefireBooter.java:997)
</error>
    <system-out>12:50:27.399 [main] INFO  m.p.cassandra.hector.TimingLogger - start[1304419827399] time[0] tag[READ.fail_]
</system-out>
  </testcase>
  <testcase time="0" classname="fr.urssaf.hectotest.AppTest" name="testDumpIndexCriteriaReference">
    <error message="All host pools marked down. Retry burden pushed out to client." type="me.prettyprint.hector.api.exceptions.HectorException">me.prettyprint.hector.api.exceptions.HectorException: All host pools marked down. Retry burden pushed out to client.
	at me.prettyprint.cassandra.connection.HConnectionManager.getClientFromLBPolicy(HConnectionManager.java:308)
	at me.prettyprint.cassandra.connection.HConnectionManager.operateWithFailover(HConnectionManager.java:213)
	at me.prettyprint.cassandra.service.KeyspaceServiceImpl.operateWithFailover(KeyspaceServiceImpl.java:129)
	at me.prettyprint.cassandra.service.KeyspaceServiceImpl.getRangeSlices(KeyspaceServiceImpl.java:165)
	at me.prettyprint.cassandra.model.thrift.ThriftRangeSlicesQuery$1.doInKeyspace(ThriftRangeSlicesQuery.java:67)
	at me.prettyprint.cassandra.model.thrift.ThriftRangeSlicesQuery$1.doInKeyspace(ThriftRangeSlicesQuery.java:63)
	at me.prettyprint.cassandra.model.KeyspaceOperationCallback.doInKeyspaceAndMeasure(KeyspaceOperationCallback.java:20)
	at me.prettyprint.cassandra.model.ExecutingKeyspace.doExecute(ExecutingKeyspace.java:85)
	at me.prettyprint.cassandra.model.thrift.ThriftRangeSlicesQuery.execute(ThriftRangeSlicesQuery.java:62)
	at fr.urssaf.hectotest.AppTest.dumpCF(AppTest.java:153)
	at fr.urssaf.hectotest.AppTest.testDumpIndexCriteriaReference(AppTest.java:122)
	at sun.reflect.NativeMethodAccessorImpl.invoke0(Native Method)
	at sun.reflect.NativeMethodAccessorImpl.invoke(NativeMethodAccessorImpl.java:39)
	at sun.reflect.DelegatingMethodAccessorImpl.invoke(DelegatingMethodAccessorImpl.java:25)
	at java.lang.reflect.Method.invoke(Method.java:597)
	at org.junit.runners.model.FrameworkMethod$1.runReflectiveCall(FrameworkMethod.java:44)
	at org.junit.internal.runners.model.ReflectiveCallable.run(ReflectiveCallable.java:15)
	at org.junit.runners.model.FrameworkMethod.invokeExplosively(FrameworkMethod.java:41)
	at org.junit.internal.runners.statements.InvokeMethod.evaluate(InvokeMethod.java:20)
	at org.junit.internal.runners.statements.RunBefores.evaluate(RunBefores.java:28)
	at org.junit.internal.runners.statements.RunAfters.evaluate(RunAfters.java:31)
	at org.junit.runners.BlockJUnit4ClassRunner.runChild(BlockJUnit4ClassRunner.java:76)
	at org.junit.runners.BlockJUnit4ClassRunner.runChild(BlockJUnit4ClassRunner.java:50)
	at org.junit.runners.ParentRunner$3.run(ParentRunner.java:193)
	at org.junit.runners.ParentRunner$1.schedule(ParentRunner.java:52)
	at org.junit.runners.ParentRunner.runChildren(ParentRunner.java:191)
	at org.junit.runners.ParentRunner.access$000(ParentRunner.java:42)
	at org.junit.runners.ParentRunner$2.evaluate(ParentRunner.java:184)
	at org.junit.runners.ParentRunner.run(ParentRunner.java:236)
	at org.apache.maven.surefire.junit4.JUnit4TestSet.execute(JUnit4TestSet.java:62)
	at org.apache.maven.surefire.suite.AbstractDirectoryTestSuite.executeTestSet(AbstractDirectoryTestSuite.java:140)
	at org.apache.maven.surefire.suite.AbstractDirectoryTestSuite.execute(AbstractDirectoryTestSuite.java:127)
	at org.apache.maven.surefire.Surefire.run(Surefire.java:177)
	at sun.reflect.NativeMethodAccessorImpl.invoke0(Native Method)
	at sun.reflect.NativeMethodAccessorImpl.invoke(NativeMethodAccessorImpl.java:39)
	at sun.reflect.DelegatingMethodAccessorImpl.invoke(DelegatingMethodAccessorImpl.java:25)
	at java.lang.reflect.Method.invoke(Method.java:597)
	at org.apache.maven.surefire.booter.SurefireBooter.runSuitesInProcess(SurefireBooter.java:338)
	at org.apache.maven.surefire.booter.SurefireBooter.main(SurefireBooter.java:997)
</error>
    <system-out>12:50:27.399 [main] INFO  m.p.cassandra.hector.TimingLogger - start[1304419827399] time[0] tag[READ.fail_]
</system-out>
  </testcase>
  <testcase time="0" classname="fr.urssaf.hectotest.AppTest" name="testDumpStaticDictionaries">
    <error message="All host pools marked down. Retry burden pushed out to client." type="me.prettyprint.hector.api.exceptions.HectorException">me.prettyprint.hector.api.exceptions.HectorException: All host pools marked down. Retry burden pushed out to client.
	at me.prettyprint.cassandra.connection.HConnectionManager.getClientFromLBPolicy(HConnectionManager.java:308)
	at me.prettyprint.cassandra.connection.HConnectionManager.operateWithFailover(HConnectionManager.java:213)
	at me.prettyprint.cassandra.service.KeyspaceServiceImpl.operateWithFailover(KeyspaceServiceImpl.java:129)
	at me.prettyprint.cassandra.service.KeyspaceServiceImpl.getRangeSlices(KeyspaceServiceImpl.java:165)
	at me.prettyprint.cassandra.model.thrift.ThriftRangeSlicesQuery$1.doInKeyspace(ThriftRangeSlicesQuery.java:67)
	at me.prettyprint.cassandra.model.thrift.ThriftRangeSlicesQuery$1.doInKeyspace(ThriftRangeSlicesQuery.java:63)
	at me.prettyprint.cassandra.model.KeyspaceOperationCallback.doInKeyspaceAndMeasure(KeyspaceOperationCallback.java:20)
	at me.prettyprint.cassandra.model.ExecutingKeyspace.doExecute(ExecutingKeyspace.java:85)
	at me.prettyprint.cassandra.model.thrift.ThriftRangeSlicesQuery.execute(ThriftRangeSlicesQuery.java:62)
	at fr.urssaf.hectotest.AppTest.dumpCF(AppTest.java:153)
	at fr.urssaf.hectotest.AppTest.testDumpStaticDictionaries(AppTest.java:127)
	at sun.reflect.NativeMethodAccessorImpl.invoke0(Native Method)
	at sun.reflect.NativeMethodAccessorImpl.invoke(NativeMethodAccessorImpl.java:39)
	at sun.reflect.DelegatingMethodAccessorImpl.invoke(DelegatingMethodAccessorImpl.java:25)
	at java.lang.reflect.Method.invoke(Method.java:597)
	at org.junit.runners.model.FrameworkMethod$1.runReflectiveCall(FrameworkMethod.java:44)
	at org.junit.internal.runners.model.ReflectiveCallable.run(ReflectiveCallable.java:15)
	at org.junit.runners.model.FrameworkMethod.invokeExplosively(FrameworkMethod.java:41)
	at org.junit.internal.runners.statements.InvokeMethod.evaluate(InvokeMethod.java:20)
	at org.junit.internal.runners.statements.RunBefores.evaluate(RunBefores.java:28)
	at org.junit.internal.runners.statements.RunAfters.evaluate(RunAfters.java:31)
	at org.junit.runners.BlockJUnit4ClassRunner.runChild(BlockJUnit4ClassRunner.java:76)
	at org.junit.runners.BlockJUnit4ClassRunner.runChild(BlockJUnit4ClassRunner.java:50)
	at org.junit.runners.ParentRunner$3.run(ParentRunner.java:193)
	at org.junit.runners.ParentRunner$1.schedule(ParentRunner.java:52)
	at org.junit.runners.ParentRunner.runChildren(ParentRunner.java:191)
	at org.junit.runners.ParentRunner.access$000(ParentRunner.java:42)
	at org.junit.runners.ParentRunner$2.evaluate(ParentRunner.java:184)
	at org.junit.runners.ParentRunner.run(ParentRunner.java:236)
	at org.apache.maven.surefire.junit4.JUnit4TestSet.execute(JUnit4TestSet.java:62)
	at org.apache.maven.surefire.suite.AbstractDirectoryTestSuite.executeTestSet(AbstractDirectoryTestSuite.java:140)
	at org.apache.maven.surefire.suite.AbstractDirectoryTestSuite.execute(AbstractDirectoryTestSuite.java:127)
	at org.apache.maven.surefire.Surefire.run(Surefire.java:177)
	at sun.reflect.NativeMethodAccessorImpl.invoke0(Native Method)
	at sun.reflect.NativeMethodAccessorImpl.invoke(NativeMethodAccessorImpl.java:39)
	at sun.reflect.DelegatingMethodAccessorImpl.invoke(DelegatingMethodAccessorImpl.java:25)
	at java.lang.reflect.Method.invoke(Method.java:597)
	at org.apache.maven.surefire.booter.SurefireBooter.runSuitesInProcess(SurefireBooter.java:338)
	at org.apache.maven.surefire.booter.SurefireBooter.main(SurefireBooter.java:997)
</error>
    <system-out>12:50:27.399 [main] INFO  m.p.cassandra.hector.TimingLogger - start[1304419827399] time[0] tag[READ.fail_]
</system-out>
  </testcase>
  <testcase time="0" classname="fr.urssaf.hectotest.AppTest" name="testDumpIndexCounter">
    <error message="All host pools marked down. Retry burden pushed out to client." type="me.prettyprint.hector.api.exceptions.HectorException">me.prettyprint.hector.api.exceptions.HectorException: All host pools marked down. Retry burden pushed out to client.
	at me.prettyprint.cassandra.connection.HConnectionManager.getClientFromLBPolicy(HConnectionManager.java:308)
	at me.prettyprint.cassandra.connection.HConnectionManager.operateWithFailover(HConnectionManager.java:213)
	at me.prettyprint.cassandra.service.KeyspaceServiceImpl.operateWithFailover(KeyspaceServiceImpl.java:129)
	at me.prettyprint.cassandra.service.KeyspaceServiceImpl.getRangeSlices(KeyspaceServiceImpl.java:165)
	at me.prettyprint.cassandra.model.thrift.ThriftRangeSlicesQuery$1.doInKeyspace(ThriftRangeSlicesQuery.java:67)
	at me.prettyprint.cassandra.model.thrift.ThriftRangeSlicesQuery$1.doInKeyspace(ThriftRangeSlicesQuery.java:63)
	at me.prettyprint.cassandra.model.KeyspaceOperationCallback.doInKeyspaceAndMeasure(KeyspaceOperationCallback.java:20)
	at me.prettyprint.cassandra.model.ExecutingKeyspace.doExecute(ExecutingKeyspace.java:85)
	at me.prettyprint.cassandra.model.thrift.ThriftRangeSlicesQuery.execute(ThriftRangeSlicesQuery.java:62)
	at fr.urssaf.hectotest.AppTest.dumpCF(AppTest.java:153)
	at fr.urssaf.hectotest.AppTest.testDumpIndexCounter(AppTest.java:132)
	at sun.reflect.NativeMethodAccessorImpl.invoke0(Native Method)
	at sun.reflect.NativeMethodAccessorImpl.invoke(NativeMethodAccessorImpl.java:39)
	at sun.reflect.DelegatingMethodAccessorImpl.invoke(DelegatingMethodAccessorImpl.java:25)
	at java.lang.reflect.Method.invoke(Method.java:597)
	at org.junit.runners.model.FrameworkMethod$1.runReflectiveCall(FrameworkMethod.java:44)
	at org.junit.internal.runners.model.ReflectiveCallable.run(ReflectiveCallable.java:15)
	at org.junit.runners.model.FrameworkMethod.invokeExplosively(FrameworkMethod.java:41)
	at org.junit.internal.runners.statements.InvokeMethod.evaluate(InvokeMethod.java:20)
	at org.junit.internal.runners.statements.RunBefores.evaluate(RunBefores.java:28)
	at org.junit.internal.runners.statements.RunAfters.evaluate(RunAfters.java:31)
	at org.junit.runners.BlockJUnit4ClassRunner.runChild(BlockJUnit4ClassRunner.java:76)
	at org.junit.runners.BlockJUnit4ClassRunner.runChild(BlockJUnit4ClassRunner.java:50)
	at org.junit.runners.ParentRunner$3.run(ParentRunner.java:193)
	at org.junit.runners.ParentRunner$1.schedule(ParentRunner.java:52)
	at org.junit.runners.ParentRunner.runChildren(ParentRunner.java:191)
	at org.junit.runners.ParentRunner.access$000(ParentRunner.java:42)
	at org.junit.runners.ParentRunner$2.evaluate(ParentRunner.java:184)
	at org.junit.runners.ParentRunner.run(ParentRunner.java:236)
	at org.apache.maven.surefire.junit4.JUnit4TestSet.execute(JUnit4TestSet.java:62)
	at org.apache.maven.surefire.suite.AbstractDirectoryTestSuite.executeTestSet(AbstractDirectoryTestSuite.java:140)
	at org.apache.maven.surefire.suite.AbstractDirectoryTestSuite.execute(AbstractDirectoryTestSuite.java:127)
	at org.apache.maven.surefire.Surefire.run(Surefire.java:177)
	at sun.reflect.NativeMethodAccessorImpl.invoke0(Native Method)
	at sun.reflect.NativeMethodAccessorImpl.invoke(NativeMethodAccessorImpl.java:39)
	at sun.reflect.DelegatingMethodAccessorImpl.invoke(DelegatingMethodAccessorImpl.java:25)
	at java.lang.reflect.Method.invoke(Method.java:597)
	at org.apache.maven.surefire.booter.SurefireBooter.runSuitesInProcess(SurefireBooter.java:338)
	at org.apache.maven.surefire.booter.SurefireBooter.main(SurefireBooter.java:997)
</error>
    <system-out>12:50:27.399 [main] INFO  m.p.cassandra.hector.TimingLogger - start[1304419827399] time[0] tag[READ.fail_]
</system-out>
  </testcase>
  <testcase time="0.328" classname="fr.urssaf.hectotest.AppTest" name="testEntityManager">
    <error message="All host pools marked down. Retry burden pushed out to client." type="me.prettyprint.hector.api.exceptions.HectorException">me.prettyprint.hector.api.exceptions.HectorException: All host pools marked down. Retry burden pushed out to client.
	at me.prettyprint.cassandra.connection.HConnectionManager.getClientFromLBPolicy(HConnectionManager.java:308)
	at me.prettyprint.cassandra.connection.HConnectionManager.operateWithFailover(HConnectionManager.java:213)
	at me.prettyprint.cassandra.service.KeyspaceServiceImpl.operateWithFailover(KeyspaceServiceImpl.java:129)
	at me.prettyprint.cassandra.service.KeyspaceServiceImpl.getSlice(KeyspaceServiceImpl.java:227)
	at me.prettyprint.cassandra.model.thrift.ThriftSliceQuery$1.doInKeyspace(ThriftSliceQuery.java:53)
	at me.prettyprint.cassandra.model.thrift.ThriftSliceQuery$1.doInKeyspace(ThriftSliceQuery.java:49)
	at me.prettyprint.cassandra.model.KeyspaceOperationCallback.doInKeyspaceAndMeasure(KeyspaceOperationCallback.java:20)
	at me.prettyprint.cassandra.model.ExecutingKeyspace.doExecute(ExecutingKeyspace.java:85)
	at me.prettyprint.cassandra.model.thrift.ThriftSliceQuery.execute(ThriftSliceQuery.java:48)
	at me.prettyprint.hom.HectorObjectMapper.getObject(HectorObjectMapper.java:102)
	at me.prettyprint.hom.EntityManagerImpl.load(EntityManagerImpl.java:127)
	at fr.urssaf.hectotest.AppTest.testEntityManager(AppTest.java:294)
	at sun.reflect.NativeMethodAccessorImpl.invoke0(Native Method)
	at sun.reflect.NativeMethodAccessorImpl.invoke(NativeMethodAccessorImpl.java:39)
	at sun.reflect.DelegatingMethodAccessorImpl.invoke(DelegatingMethodAccessorImpl.java:25)
	at java.lang.reflect.Method.invoke(Method.java:597)
	at org.junit.runners.model.FrameworkMethod$1.runReflectiveCall(FrameworkMethod.java:44)
	at org.junit.internal.runners.model.ReflectiveCallable.run(ReflectiveCallable.java:15)
	at org.junit.runners.model.FrameworkMethod.invokeExplosively(FrameworkMethod.java:41)
	at org.junit.internal.runners.statements.InvokeMethod.evaluate(InvokeMethod.java:20)
	at org.junit.internal.runners.statements.RunBefores.evaluate(RunBefores.java:28)
	at org.junit.internal.runners.statements.RunAfters.evaluate(RunAfters.java:31)
	at org.junit.runners.BlockJUnit4ClassRunner.runChild(BlockJUnit4ClassRunner.java:76)
	at org.junit.runners.BlockJUnit4ClassRunner.runChild(BlockJUnit4ClassRunner.java:50)
	at org.junit.runners.ParentRunner$3.run(ParentRunner.java:193)
	at org.junit.runners.ParentRunner$1.schedule(ParentRunner.java:52)
	at org.junit.runners.ParentRunner.runChildren(ParentRunner.java:191)
	at org.junit.runners.ParentRunner.access$000(ParentRunner.java:42)
	at org.junit.runners.ParentRunner$2.evaluate(ParentRunner.java:184)
	at org.junit.runners.ParentRunner.run(ParentRunner.java:236)
	at org.apache.maven.surefire.junit4.JUnit4TestSet.execute(JUnit4TestSet.java:62)
	at org.apache.maven.surefire.suite.AbstractDirectoryTestSuite.executeTestSet(AbstractDirectoryTestSuite.java:140)
	at org.apache.maven.surefire.suite.AbstractDirectoryTestSuite.execute(AbstractDirectoryTestSuite.java:127)
	at org.apache.maven.surefire.Surefire.run(Surefire.java:177)
	at sun.reflect.NativeMethodAccessorImpl.invoke0(Native Method)
	at sun.reflect.NativeMethodAccessorImpl.invoke(NativeMethodAccessorImpl.java:39)
	at sun.reflect.DelegatingMethodAccessorImpl.invoke(DelegatingMethodAccessorImpl.java:25)
	at java.lang.reflect.Method.invoke(Method.java:597)
	at org.apache.maven.surefire.booter.SurefireBooter.runSuitesInProcess(SurefireBooter.java:338)
	at org.apache.maven.surefire.booter.SurefireBooter.main(SurefireBooter.java:997)
</error>
    <system-out>12:50:27.634 [main] DEBUG m.p.h.annotations.AnnotationScanner - found candidate bean = fr.urssaf.hectotest.MyPojo
12:50:27.649 [main] DEBUG m.p.h.annotations.AnnotationScanner - found annotated class, fr.urssaf.hectotest.MyPojo
12:50:27.665 [main] DEBUG me.prettyprint.hom.EntityManagerImpl - classpath array has 1 items : [fr.urssaf.hectotest]
12:50:27.727 [main] INFO  m.p.cassandra.hector.TimingLogger - start[1304419827727] time[0] tag[READ.fail_]
</system-out>
  </testcase>
</testsuite>